[2025-05-15 07:13:11] User ID: 6, Event: enter_fullscreen, Action: clear_clipboard
[2025-05-15 07:14:41] User ID: 6, Event: enter_fullscreen, Action: clear_clipboard
[2025-05-15 07:17:23] User ID: 1, Event: enter_fullscreen, Action: clear_clipboard
[2025-05-15 07:30:19] User ID: unknown, IP: ::1, Event: test_page, Action: clear_clipboard
[2025-05-15 07:30:24] User ID: unknown, IP: ::1, Event: test_page, Action: clear_clipboard
[2025-05-15 07:30:45] User ID: unknown, IP: ::1, Event: test_page, Action: clear_clipboard
[2025-05-15 08:58:22] User ID: 7, IP: ::1, Event: page_load, Action: clear_clipboard
[2025-05-15 08:58:32] User ID: 7, IP: ::1, Event: enter_fullscreen, Action: clear_clipboard
[2025-05-15 08:58:56] User ID: 7, IP: ::1, Event: window_focus, Action: clear_clipboard
[2025-05-15 08:58:58] User ID: 7, IP: ::1, Event: enter_fullscreen, Action: clear_clipboard
[2025-05-15 09:03:25] User ID: 7, IP: ::1, Event: page_load, Action: clear_clipboard
[2025-05-15 09:03:35] User ID: 7, IP: ::1, Event: enter_fullscreen, Action: clear_clipboard
[2025-05-15 09:05:21] User ID: 7, IP: ::1, Event: window_focus, Action: clear_clipboard
[2025-05-15 09:06:47] User ID: 7, IP: ::1, Event: enter_fullscreen, Action: clear_clipboard
[2025-05-15 09:07:17] User ID: 7, IP: ::1, Event: clipboard_check_detected_code, Action: clear_clipboard
[2025-05-15 09:07:28] User ID: 7, IP: ::1, Event: clipboard_check_detected_code, Action: clear_clipboard
[2025-05-15 09:07:42] User ID: 7, IP: ::1, Event: clipboard_check_detected_code, Action: clear_clipboard
[2025-05-15 09:07:52] User ID: 7, IP: ::1, Event: clipboard_check_detected_code, Action: clear_clipboard
[2025-05-15 09:08:56] User ID: 7, IP: ::1, Event: window_focus, Action: clear_clipboard
[2025-05-15 09:10:04] User ID: 7, IP: ::1, Event: window_focus, Action: clear_clipboard
[2025-05-15 09:14:39] User ID: 7, IP: ::1, Event: window_focus, Action: clear_clipboard
[2025-05-15 09:14:58] User ID: 7, IP: ::1, Event: page_load, Action: clear_clipboard
[2025-05-15 09:15:00] User ID: 7, IP: ::1, Event: enter_fullscreen, Action: clear_clipboard
[2025-05-15 09:15:26] User ID: 7, IP: ::1, Event: enter_fullscreen, Action: clear_clipboard
[2025-05-15 09:15:28] User ID: 7, IP: ::1, Event: window_focus, Action: clear_clipboard
[2025-05-15 09:16:25] User ID: 7, IP: ::1, Event: page_load, Action: clear_clipboard
[2025-05-15 09:16:26] User ID: 7, IP: ::1, Event: enter_fullscreen, Action: clear_clipboard
[2025-05-15 09:17:56] User ID: 7, IP: ::1, Event: page_load, Action: clear_clipboard
[2025-05-15 09:17:57] User ID: 7, IP: ::1, Event: enter_fullscreen, Action: clear_clipboard
[2025-05-15 09:18:15] User ID: 7, IP: ::1, Event: window_focus, Action: clear_clipboard
[2025-05-15 09:21:31] User ID: 7, IP: ::1, Event: page_load, Action: clear_clipboard
[2025-05-15 09:30:12] User ID: 1, IP: ::1, Event: page_load, Action: clear_clipboard
[2025-05-15 10:00:24] User ID: 1, IP: ::1, Event: page_load, Action: clear_clipboard
[2025-05-15 10:00:26] User ID: 1, IP: ::1, Event: enter_fullscreen, Action: clear_clipboard
[2025-05-15 10:04:39] User ID: 1, IP: ::1, Event: enter_fullscreen, Action: clear_clipboard
[2025-05-15 10:04:44] User ID: 1, IP: ::1, Event: clipboard_check_detected_code, Action: clear_clipboard
[2025-05-15 10:04:52] User ID: 1, IP: ::1, Event: page_load, Action: clear_clipboard
[2025-05-15 10:04:53] User ID: 1, IP: ::1, Event: enter_fullscreen, Action: clear_clipboard
[2025-05-15 10:07:17] User ID: 1, IP: ::1, Event: page_load, Action: clear_clipboard
[2025-05-15 10:07:19] User ID: 1, IP: ::1, Event: enter_fullscreen, Action: clear_clipboard
[2025-05-15 10:07:35] User ID: 1, IP: ::1, Event: enter_fullscreen, Action: clear_clipboard
[2025-05-15 10:08:14] User ID: 1, IP: ::1, Event: enter_fullscreen, Action: clear_clipboard
[2025-05-15 10:22:03] User ID: 1, IP: ::1, Event: page_load, Action: clear_clipboard
[2025-05-15 10:22:05] User ID: 1, IP: ::1, Event: enter_fullscreen, Action: clear_clipboard
[2025-05-15 10:23:15] User ID: 1, IP: ::1, Event: enter_fullscreen, Action: clear_clipboard
[2025-05-15 10:24:14] User ID: 1, IP: ::1, Event: page_load, Action: clear_clipboard
[2025-05-15 10:24:16] User ID: 1, IP: ::1, Event: enter_fullscreen, Action: clear_clipboard
[2025-05-15 10:24:41] User ID: 1, IP: ::1, Event: page_load, Action: clear_clipboard
[2025-05-15 10:24:43] User ID: 1, IP: ::1, Event: enter_fullscreen, Action: clear_clipboard
[2025-05-15 10:27:28] User ID: 1, IP: ::1, Event: page_load, Action: clear_clipboard
[2025-05-15 10:27:30] User ID: 1, IP: ::1, Event: enter_fullscreen, Action: clear_clipboard
[2025-05-15 10:29:11] User ID: 1, IP: ::1, Event: enter_fullscreen, Action: clear_clipboard
[2025-05-15 10:33:04] User ID: 1, IP: ::1, Event: page_load, Action: clear_clipboard
[2025-05-15 10:33:05] User ID: 1, IP: ::1, Event: enter_fullscreen, Action: clear_clipboard
[2025-05-15 10:34:22] User ID: 1, IP: ::1, Event: enter_fullscreen, Action: clear_clipboard
[2025-05-15 10:34:27] User ID: 1, IP: ::1, Event: page_load, Action: clear_clipboard
[2025-05-15 10:34:28] User ID: 1, IP: ::1, Event: enter_fullscreen, Action: clear_clipboard
[2025-05-15 10:34:58] User ID: 1, IP: ::1, Event: page_load, Action: clear_clipboard
[2025-05-15 10:34:59] User ID: 1, IP: ::1, Event: enter_fullscreen, Action: clear_clipboard
[2025-05-15 10:48:42] User ID: 1, IP: ::1, Event: page_load, Action: clear_clipboard
[2025-05-15 10:48:43] User ID: 1, IP: ::1, Event: enter_fullscreen, Action: clear_clipboard
[2025-05-15 10:49:22] User ID: 1, IP: ::1, Event: page_load, Action: clear_clipboard
[2025-05-15 10:51:06] User ID: 1, IP: ::1, Event: page_load, Action: clear_clipboard
[2025-05-15 10:51:08] User ID: 1, IP: ::1, Event: enter_fullscreen, Action: clear_clipboard
[2025-05-15 10:51:34] User ID: 1, IP: ::1, Event: enter_fullscreen, Action: clear_clipboard
[2025-05-15 10:54:07] User ID: 1, IP: ::1, Event: enter_fullscreen, Action: clear_clipboard
[2025-05-15 10:54:13] User ID: 1, IP: ::1, Event: page_load, Action: clear_clipboard
[2025-05-15 10:54:14] User ID: 1, IP: ::1, Event: enter_fullscreen, Action: clear_clipboard
[2025-05-15 10:56:05] User ID: 1, IP: ::1, Event: page_load, Action: clear_clipboard
[2025-05-15 10:56:07] User ID: 1, IP: ::1, Event: enter_fullscreen, Action: clear_clipboard
[2025-05-15 10:56:57] User ID: 1, IP: ::1, Event: page_load, Action: clear_clipboard
[2025-05-15 11:03:08] User ID: 8, IP: ::1, Event: page_load, Action: clear_clipboard
[2025-05-15 11:03:10] User ID: 8, IP: ::1, Event: enter_fullscreen, Action: clear_clipboard
[2025-05-15 11:18:09] User ID: 1, IP: ::1, Event: page_load, Action: clear_clipboard
[2025-05-15 11:18:10] User ID: 1, IP: ::1, Event: enter_fullscreen, Action: clear_clipboard
[2025-05-15 11:18:32] User ID: 1, IP: ::1, Event: page_load, Action: clear_clipboard
[2025-05-15 11:18:33] User ID: 1, IP: ::1, Event: enter_fullscreen, Action: clear_clipboard
[2025-05-15 11:28:12] User ID: 1, IP: ::1, Event: page_load, Action: clear_clipboard
[2025-05-15 11:28:17] User ID: 1, IP: ::1, Event: enter_fullscreen, Action: clear_clipboard
[2025-05-15 11:30:27] User ID: 1, IP: ::1, Event: clipboard_check_detected_code, Action: clear_clipboard
[2025-05-15 11:30:32] User ID: 1, IP: ::1, Event: clipboard_check_detected_code, Action: clear_clipboard
[2025-05-15 11:30:43] User ID: 1, IP: ::1, Event: enter_fullscreen, Action: clear_clipboard
[2025-05-15 11:32:45] User ID: 1, IP: ::1, Event: enter_fullscreen, Action: clear_clipboard
[2025-05-15 12:08:38] User ID: 1, IP: ::1, Event: enter_fullscreen, Action: clear_clipboard
[2025-05-15 12:12:42] User ID: 1, IP: ::1, Event: page_load, Action: clear_clipboard
[2025-05-15 12:12:44] User ID: 1, IP: ::1, Event: enter_fullscreen, Action: clear_clipboard
[2025-05-15 12:14:07] User ID: 1, IP: ::1, Event: page_load, Action: clear_clipboard
[2025-05-16 08:02:06] User ID: 1, IP: ::1, Event: page_load, Action: clear_clipboard
[2025-05-16 08:03:07] User ID: 1, IP: ::1, Event: page_load, Action: clear_clipboard
[2025-05-16 08:08:41] User ID: 1, IP: ::1, Event: page_load, Action: clear_clipboard
[2025-05-16 08:08:43] User ID: 1, IP: ::1, Event: enter_fullscreen, Action: clear_clipboard
[2025-05-16 08:13:39] User ID: 1, IP: ::1, Event: page_load, Action: clear_clipboard
[2025-05-16 08:13:41] User ID: 1, IP: ::1, Event: enter_fullscreen, Action: clear_clipboard
[2025-05-16 08:14:09] User ID: 1, IP: ::1, Event: page_load, Action: clear_clipboard
[2025-05-16 08:14:10] User ID: 1, IP: ::1, Event: enter_fullscreen, Action: clear_clipboard
[2025-05-16 08:15:16] User ID: 1, IP: ::1, Event: enter_fullscreen, Action: clear_clipboard
[2025-05-16 08:15:22] User ID: 1, IP: ::1, Event: clipboard_check_detected_code, Action: clear_clipboard
[2025-05-16 08:15:45] User ID: 1, IP: ::1, Event: enter_fullscreen, Action: clear_clipboard
[2025-05-16 08:17:27] User ID: 1, IP: ::1, Event: enter_fullscreen, Action: clear_clipboard
[2025-05-16 08:17:34] User ID: 1, IP: ::1, Event: page_load, Action: clear_clipboard
[2025-05-16 08:17:35] User ID: 1, IP: ::1, Event: enter_fullscreen, Action: clear_clipboard
[2025-05-16 08:17:45] User ID: 1, IP: ::1, Event: window_focus, Action: clear_clipboard
[2025-05-16 08:17:51] User ID: 1, IP: ::1, Event: page_load, Action: clear_clipboard
[2025-05-16 08:17:53] User ID: 1, IP: ::1, Event: enter_fullscreen, Action: clear_clipboard
[2025-05-16 08:18:33] User ID: 1, IP: ::1, Event: enter_fullscreen, Action: clear_clipboard
[2025-05-16 08:19:57] User ID: 1, IP: ::1, Event: enter_fullscreen, Action: clear_clipboard
[2025-05-16 08:20:02] User ID: 1, IP: ::1, Event: enter_fullscreen, Action: clear_clipboard
[2025-05-16 08:20:16] User ID: 1, IP: ::1, Event: page_load, Action: clear_clipboard
[2025-05-16 08:20:17] User ID: 1, IP: ::1, Event: enter_fullscreen, Action: clear_clipboard
[2025-05-16 08:28:46] User ID: 1, IP: ::1, Event: page_load, Action: clear_clipboard
[2025-05-16 08:28:47] User ID: 1, IP: ::1, Event: enter_fullscreen, Action: clear_clipboard
[2025-05-16 08:29:53] User ID: 1, IP: ::1, Event: enter_fullscreen, Action: clear_clipboard
[2025-05-16 08:34:37] User ID: 1, IP: ::1, Event: page_load, Action: clear_clipboard
[2025-05-16 08:34:38] User ID: 1, IP: ::1, Event: enter_fullscreen, Action: clear_clipboard
[2025-05-16 08:38:31] User ID: 1, IP: ::1, Event: page_load, Action: clear_clipboard
[2025-05-16 08:38:32] User ID: 1, IP: ::1, Event: enter_fullscreen, Action: clear_clipboard
[2025-05-16 08:39:35] User ID: 1, IP: ::1, Event: page_load, Action: clear_clipboard
[2025-05-16 08:39:37] User ID: 1, IP: ::1, Event: enter_fullscreen, Action: clear_clipboard
[2025-05-16 08:41:30] User ID: 1, IP: ::1, Event: page_load, Action: clear_clipboard
[2025-05-16 08:41:32] User ID: 1, IP: ::1, Event: enter_fullscreen, Action: clear_clipboard
[2025-05-16 08:42:22] User ID: 1, IP: ::1, Event: clipboard_check_detected_code, Action: clear_clipboard
[2025-05-16 08:44:32] User ID: 1, IP: ::1, Event: page_load, Action: clear_clipboard
[2025-05-16 08:44:34] User ID: 1, IP: ::1, Event: enter_fullscreen, Action: clear_clipboard
[2025-05-16 08:48:58] User ID: 1, IP: ::1, Event: clipboard_check_detected_code, Action: clear_clipboard
[2025-05-16 08:53:50] User ID: 1, IP: ::1, Event: enter_fullscreen, Action: clear_clipboard
[2025-05-16 08:55:54] User ID: 1, IP: ::1, Event: page_load, Action: clear_clipboard
[2025-05-16 08:55:56] User ID: 1, IP: ::1, Event: enter_fullscreen, Action: clear_clipboard
[2025-05-16 08:57:39] User ID: 1, IP: ::1, Event: enter_fullscreen, Action: clear_clipboard
[2025-05-16 08:59:26] User ID: 1, IP: ::1, Event: enter_fullscreen, Action: clear_clipboard
[2025-05-16 08:59:39] User ID: 1, IP: ::1, Event: enter_fullscreen, Action: clear_clipboard
[2025-05-16 09:02:09] User ID: 1, IP: ::1, Event: enter_fullscreen, Action: clear_clipboard
[2025-05-16 09:02:16] User ID: 1, IP: ::1, Event: page_load, Action: clear_clipboard
[2025-05-16 09:02:18] User ID: 1, IP: ::1, Event: enter_fullscreen, Action: clear_clipboard
[2025-05-16 09:02:52] User ID: 1, IP: ::1, Event: clipboard_check_detected_code, Action: clear_clipboard
[2025-05-16 09:03:18] User ID: 1, IP: ::1, Event: page_load, Action: clear_clipboard
[2025-05-16 09:03:19] User ID: 1, IP: ::1, Event: enter_fullscreen, Action: clear_clipboard
[2025-05-16 09:11:43] User ID: 1, IP: ::1, Event: enter_fullscreen, Action: clear_clipboard
[2025-05-16 09:11:51] User ID: 1, IP: ::1, Event: page_load, Action: clear_clipboard
[2025-05-16 09:17:01] User ID: 1, IP: ::1, Event: page_load, Action: clear_clipboard
[2025-05-16 09:17:03] User ID: 1, IP: ::1, Event: enter_fullscreen, Action: clear_clipboard
[2025-05-16 09:41:09] User ID: 7, IP: ::1, Event: page_load, Action: clear_clipboard
[2025-05-16 09:41:17] User ID: 7, IP: ::1, Event: enter_fullscreen, Action: clear_clipboard
[2025-05-16 09:42:51] User ID: 7, IP: ::1, Event: window_focus, Action: clear_clipboard
[2025-05-16 09:47:23] User ID: 7, IP: ::1, Event: window_focus, Action: clear_clipboard
[2025-05-16 09:47:37] User ID: 7, IP: ::1, Event: clipboard_check_detected_code, Action: clear_clipboard
[2025-05-16 09:48:11] User ID: 7, IP: ::1, Event: page_load, Action: clear_clipboard
[2025-05-16 09:48:13] User ID: 7, IP: ::1, Event: enter_fullscreen, Action: clear_clipboard
[2025-05-16 09:48:36] User ID: 7, IP: ::1, Event: window_focus, Action: clear_clipboard
[2025-05-16 09:48:39] User ID: 7, IP: ::1, Event: window_focus, Action: clear_clipboard
[2025-05-16 09:48:40] User ID: 7, IP: ::1, Event: window_focus, Action: clear_clipboard
[2025-05-16 09:48:41] User ID: 7, IP: ::1, Event: window_focus, Action: clear_clipboard
[2025-05-16 09:48:45] User ID: 7, IP: ::1, Event: window_focus, Action: clear_clipboard
[2025-05-16 09:48:47] User ID: 7, IP: ::1, Event: window_focus, Action: clear_clipboard
[2025-05-16 09:48:49] User ID: 7, IP: ::1, Event: window_focus, Action: clear_clipboard
[2025-05-16 09:48:55] User ID: 7, IP: ::1, Event: page_load, Action: clear_clipboard
[2025-05-16 09:48:57] User ID: 7, IP: ::1, Event: enter_fullscreen, Action: clear_clipboard
[2025-05-16 09:49:32] User ID: 7, IP: ::1, Event: clipboard_check_detected_code, Action: clear_clipboard
[2025-05-16 09:49:42] User ID: 7, IP: ::1, Event: clipboard_check_detected_code, Action: clear_clipboard
[2025-05-16 09:49:55] User ID: 7, IP: ::1, Event: window_focus, Action: clear_clipboard
[2025-05-16 09:49:57] User ID: 7, IP: ::1, Event: window_focus, Action: clear_clipboard
[2025-05-16 09:49:58] User ID: 7, IP: ::1, Event: window_focus, Action: clear_clipboard
[2025-05-16 09:50:02] User ID: 7, IP: ::1, Event: window_focus, Action: clear_clipboard
[2025-05-16 09:50:33] User ID: 7, IP: ::1, Event: window_focus, Action: clear_clipboard
[2025-05-16 10:08:40] User ID: 1, IP: ::1, Event: page_load, Action: clear_clipboard
[2025-05-16 10:08:42] User ID: 1, IP: ::1, Event: enter_fullscreen, Action: clear_clipboard
[2025-05-16 10:08:51] User ID: 1, IP: ::1, Event: enter_fullscreen, Action: clear_clipboard
[2025-05-16 10:09:08] User ID: 1, IP: ::1, Event: page_load, Action: clear_clipboard
[2025-05-16 10:09:10] User ID: 1, IP: ::1, Event: enter_fullscreen, Action: clear_clipboard
[2025-05-16 10:09:25] User ID: 1, IP: ::1, Event: page_load, Action: clear_clipboard
[2025-05-16 10:09:28] User ID: 1, IP: ::1, Event: enter_fullscreen, Action: clear_clipboard
[2025-05-16 10:36:08] User ID: 10, IP: ::1, Event: page_load, Action: clear_clipboard
[2025-05-16 10:36:09] User ID: 10, IP: ::1, Event: enter_fullscreen, Action: clear_clipboard
[2025-05-16 10:36:24] User ID: 14, IP: ::1, Event: page_load, Action: clear_clipboard
[2025-05-16 10:36:26] User ID: 14, IP: ::1, Event: enter_fullscreen, Action: clear_clipboard
[2025-05-16 10:36:28] User ID: 18, IP: ::1, Event: page_load, Action: clear_clipboard
[2025-05-16 10:36:29] User ID: 18, IP: ::1, Event: enter_fullscreen, Action: clear_clipboard
[2025-05-16 10:36:51] User ID: 13, IP: ::1, Event: page_load, Action: clear_clipboard
[2025-05-16 10:36:53] User ID: 13, IP: ::1, Event: enter_fullscreen, Action: clear_clipboard
[2025-05-16 10:37:00] User ID: 16, IP: ::1, Event: page_load, Action: clear_clipboard
[2025-05-16 10:37:02] User ID: 16, IP: ::1, Event: enter_fullscreen, Action: clear_clipboard
[2025-05-16 10:37:17] User ID: 14, IP: ::1, Event: window_focus, Action: clear_clipboard
[2025-05-16 10:37:40] User ID: 22, IP: ::1, Event: page_load, Action: clear_clipboard
[2025-05-16 10:37:41] User ID: 22, IP: ::1, Event: enter_fullscreen, Action: clear_clipboard
[2025-05-16 10:38:01] User ID: 10, IP: ::1, Event: window_focus, Action: clear_clipboard
[2025-05-16 10:38:42] User ID: 17, IP: ::1, Event: page_load, Action: clear_clipboard
[2025-05-16 10:38:43] User ID: 22, IP: ::1, Event: enter_fullscreen, Action: clear_clipboard
[2025-05-16 10:38:43] User ID: 17, IP: ::1, Event: enter_fullscreen, Action: clear_clipboard
[2025-05-16 10:38:46] User ID: 17, IP: ::1, Event: window_focus, Action: clear_clipboard
[2025-05-16 10:39:43] User ID: 13, IP: ::1, Event: enter_fullscreen, Action: clear_clipboard
[2025-05-16 10:39:44] User ID: 17, IP: ::1, Event: window_focus, Action: clear_clipboard
[2025-05-16 10:39:46] User ID: 13, IP: ::1, Event: window_focus, Action: clear_clipboard
[2025-05-16 10:39:47] User ID: 13, IP: ::1, Event: enter_fullscreen, Action: clear_clipboard
[2025-05-16 10:39:57] User ID: 13, IP: ::1, Event: window_focus, Action: clear_clipboard
[2025-05-16 10:41:12] User ID: 10, IP: ::1, Event: page_load, Action: clear_clipboard
[2025-05-16 10:41:13] User ID: 22, IP: ::1, Event: page_load, Action: clear_clipboard
[2025-05-16 10:41:14] User ID: 10, IP: ::1, Event: enter_fullscreen, Action: clear_clipboard
[2025-05-16 10:41:15] User ID: 22, IP: ::1, Event: enter_fullscreen, Action: clear_clipboard
[2025-05-16 10:41:16] User ID: 20, IP: ::1, Event: page_load, Action: clear_clipboard
[2025-05-16 10:41:18] User ID: 20, IP: ::1, Event: enter_fullscreen, Action: clear_clipboard
[2025-05-16 10:41:20] User ID: 19, IP: ::1, Event: page_load, Action: clear_clipboard
[2025-05-16 10:41:21] User ID: 19, IP: ::1, Event: enter_fullscreen, Action: clear_clipboard
[2025-05-16 10:41:26] User ID: 10, IP: ::1, Event: enter_fullscreen, Action: clear_clipboard
[2025-05-16 10:41:38] User ID: 10, IP: ::1, Event: window_focus, Action: clear_clipboard
[2025-05-16 10:41:39] User ID: 13, IP: ::1, Event: page_load, Action: clear_clipboard
[2025-05-16 10:41:42] User ID: 13, IP: ::1, Event: enter_fullscreen, Action: clear_clipboard
[2025-05-16 10:41:42] User ID: 10, IP: ::1, Event: window_focus, Action: clear_clipboard
[2025-05-16 10:41:44] User ID: 17, IP: ::1, Event: page_load, Action: clear_clipboard
[2025-05-16 10:41:44] User ID: 16, IP: ::1, Event: page_load, Action: clear_clipboard
[2025-05-16 10:41:45] User ID: 14, IP: ::1, Event: page_load, Action: clear_clipboard
[2025-05-16 10:41:45] User ID: 16, IP: ::1, Event: enter_fullscreen, Action: clear_clipboard
[2025-05-16 10:41:45] User ID: 17, IP: ::1, Event: enter_fullscreen, Action: clear_clipboard
[2025-05-16 10:41:46] User ID: 14, IP: ::1, Event: enter_fullscreen, Action: clear_clipboard
[2025-05-16 10:41:47] User ID: 11, IP: ::1, Event: page_load, Action: clear_clipboard
[2025-05-16 10:41:56] User ID: 10, IP: ::1, Event: window_focus, Action: clear_clipboard
[2025-05-16 10:41:57] User ID: 11, IP: ::1, Event: enter_fullscreen, Action: clear_clipboard
[2025-05-16 10:41:57] User ID: 17, IP: ::1, Event: enter_fullscreen, Action: clear_clipboard
[2025-05-16 10:41:59] User ID: 26, IP: ::1, Event: page_load, Action: clear_clipboard
[2025-05-16 10:42:01] User ID: 11, IP: ::1, Event: enter_fullscreen, Action: clear_clipboard
[2025-05-16 10:42:03] User ID: 26, IP: ::1, Event: enter_fullscreen, Action: clear_clipboard
[2025-05-16 10:42:20] User ID: 10, IP: ::1, Event: window_focus, Action: clear_clipboard
[2025-05-16 10:42:24] User ID: 28, IP: ::1, Event: page_load, Action: clear_clipboard
[2025-05-16 10:42:29] User ID: 18, IP: ::1, Event: page_load, Action: clear_clipboard
[2025-05-16 10:42:30] User ID: 28, IP: ::1, Event: enter_fullscreen, Action: clear_clipboard
[2025-05-16 10:42:30] User ID: 10, IP: ::1, Event: page_load, Action: clear_clipboard
[2025-05-16 10:42:30] User ID: 18, IP: ::1, Event: enter_fullscreen, Action: clear_clipboard
[2025-05-16 10:42:31] User ID: 10, IP: ::1, Event: enter_fullscreen, Action: clear_clipboard
[2025-05-16 10:42:32] User ID: 24, IP: ::1, Event: page_load, Action: clear_clipboard
[2025-05-16 10:42:35] User ID: 12, IP: ::1, Event: page_load, Action: clear_clipboard
[2025-05-16 10:42:40] User ID: 12, IP: ::1, Event: enter_fullscreen, Action: clear_clipboard
[2025-05-16 10:42:41] User ID: 21, IP: ::1, Event: page_load, Action: clear_clipboard
[2025-05-16 10:42:43] User ID: 21, IP: ::1, Event: enter_fullscreen, Action: clear_clipboard
[2025-05-16 10:42:45] User ID: 12, IP: ::1, Event: window_focus, Action: clear_clipboard
[2025-05-16 10:42:53] User ID: 24, IP: ::1, Event: page_load, Action: clear_clipboard
[2025-05-16 10:42:54] User ID: 12, IP: ::1, Event: window_focus, Action: clear_clipboard
[2025-05-16 10:42:55] User ID: 24, IP: ::1, Event: enter_fullscreen, Action: clear_clipboard
[2025-05-16 10:43:02] User ID: 26, IP: ::1, Event: window_focus, Action: clear_clipboard
[2025-05-16 10:43:02] User ID: 22, IP: ::1, Event: enter_fullscreen, Action: clear_clipboard
[2025-05-16 10:43:21] User ID: 10, IP: ::1, Event: enter_fullscreen, Action: clear_clipboard
[2025-05-16 10:43:22] User ID: 23, IP: ::1, Event: page_load, Action: clear_clipboard
[2025-05-16 10:43:23] User ID: 23, IP: ::1, Event: enter_fullscreen, Action: clear_clipboard
[2025-05-16 10:43:27] User ID: 29, IP: ::1, Event: page_load, Action: clear_clipboard
[2025-05-16 10:43:28] User ID: 26, IP: ::1, Event: window_focus, Action: clear_clipboard
[2025-05-16 10:43:30] User ID: 13, IP: ::1, Event: window_focus, Action: clear_clipboard
[2025-05-16 10:43:33] User ID: 18, IP: ::1, Event: window_focus, Action: clear_clipboard
[2025-05-16 10:43:36] User ID: 29, IP: ::1, Event: enter_fullscreen, Action: clear_clipboard
[2025-05-16 10:43:38] User ID: 27, IP: ::1, Event: page_load, Action: clear_clipboard
[2025-05-16 10:43:39] User ID: 30, IP: ::1, Event: page_load, Action: clear_clipboard
[2025-05-16 10:43:40] User ID: 30, IP: ::1, Event: enter_fullscreen, Action: clear_clipboard
[2025-05-16 10:43:43] User ID: 30, IP: ::1, Event: window_focus, Action: clear_clipboard
[2025-05-16 10:43:45] User ID: 30, IP: ::1, Event: window_focus, Action: clear_clipboard
[2025-05-16 10:43:50] User ID: 27, IP: ::1, Event: enter_fullscreen, Action: clear_clipboard
[2025-05-16 10:43:59] User ID: 18, IP: ::1, Event: enter_fullscreen, Action: clear_clipboard
[2025-05-16 10:44:10] User ID: 13, IP: ::1, Event: window_focus, Action: clear_clipboard
[2025-05-16 10:44:13] User ID: 18, IP: ::1, Event: window_focus, Action: clear_clipboard
[2025-05-16 10:44:15] User ID: 13, IP: ::1, Event: window_focus, Action: clear_clipboard
[2025-05-16 10:44:24] User ID: 13, IP: ::1, Event: enter_fullscreen, Action: clear_clipboard
[2025-05-16 10:44:56] User ID: 28, IP: ::1, Event: enter_fullscreen, Action: clear_clipboard
[2025-05-16 10:45:01] User ID: 30, IP: ::1, Event: window_focus, Action: clear_clipboard
[2025-05-16 10:45:03] User ID: 27, IP: ::1, Event: enter_fullscreen, Action: clear_clipboard
[2025-05-16 10:45:18] User ID: 25, IP: ::1, Event: enter_fullscreen, Action: clear_clipboard
[2025-05-16 10:45:18] User ID: 25, IP: ::1, Event: page_load, Action: clear_clipboard
[2025-05-16 10:45:23] User ID: 11, IP: ::1, Event: enter_fullscreen, Action: clear_clipboard
[2025-05-16 10:45:30] User ID: 30, IP: ::1, Event: enter_fullscreen, Action: clear_clipboard
[2025-05-16 10:45:44] User ID: 14, IP: ::1, Event: enter_fullscreen, Action: clear_clipboard
[2025-05-16 10:45:53] User ID: 13, IP: ::1, Event: window_focus, Action: clear_clipboard
[2025-05-16 10:46:08] User ID: 19, IP: ::1, Event: enter_fullscreen, Action: clear_clipboard
[2025-05-16 10:46:20] User ID: 13, IP: ::1, Event: page_load, Action: clear_clipboard
[2025-05-16 10:46:21] User ID: 13, IP: ::1, Event: enter_fullscreen, Action: clear_clipboard
[2025-05-16 10:46:30] User ID: 14, IP: ::1, Event: enter_fullscreen, Action: clear_clipboard
[2025-05-16 10:46:37] User ID: 19, IP: ::1, Event: enter_fullscreen, Action: clear_clipboard
[2025-05-16 10:46:38] User ID: 30, IP: ::1, Event: page_load, Action: clear_clipboard
[2025-05-16 10:46:38] User ID: 30, IP: ::1, Event: enter_fullscreen, Action: clear_clipboard
[2025-05-16 10:46:50] User ID: 26, IP: ::1, Event: window_focus, Action: clear_clipboard
[2025-05-16 10:46:51] User ID: 20, IP: ::1, Event: enter_fullscreen, Action: clear_clipboard
[2025-05-16 10:46:56] User ID: 19, IP: ::1, Event: enter_fullscreen, Action: clear_clipboard
[2025-05-16 10:46:59] User ID: 14, IP: ::1, Event: enter_fullscreen, Action: clear_clipboard
[2025-05-16 10:47:14] User ID: 19, IP: ::1, Event: enter_fullscreen, Action: clear_clipboard
[2025-05-16 10:47:14] User ID: 20, IP: ::1, Event: enter_fullscreen, Action: clear_clipboard
[2025-05-16 10:47:23] User ID: 19, IP: ::1, Event: enter_fullscreen, Action: clear_clipboard
[2025-05-16 10:47:49] User ID: 19, IP: ::1, Event: enter_fullscreen, Action: clear_clipboard
[2025-05-16 10:47:56] User ID: 17, IP: ::1, Event: enter_fullscreen, Action: clear_clipboard
[2025-05-16 10:47:57] User ID: 19, IP: ::1, Event: enter_fullscreen, Action: clear_clipboard
[2025-05-16 10:47:58] User ID: 29, IP: ::1, Event: enter_fullscreen, Action: clear_clipboard
[2025-05-16 10:48:01] User ID: 14, IP: ::1, Event: enter_fullscreen, Action: clear_clipboard
[2025-05-16 10:48:02] User ID: 30, IP: ::1, Event: window_focus, Action: clear_clipboard
[2025-05-16 10:48:03] User ID: 30, IP: ::1, Event: enter_fullscreen, Action: clear_clipboard
[2025-05-16 10:48:06] User ID: 30, IP: ::1, Event: window_focus, Action: clear_clipboard
[2025-05-16 10:48:09] User ID: 20, IP: ::1, Event: enter_fullscreen, Action: clear_clipboard
[2025-05-16 10:48:22] User ID: 30, IP: ::1, Event: enter_fullscreen, Action: clear_clipboard
[2025-05-16 10:48:27] User ID: 14, IP: ::1, Event: page_load, Action: clear_clipboard
[2025-05-16 10:48:29] User ID: 14, IP: ::1, Event: enter_fullscreen, Action: clear_clipboard
[2025-05-16 10:48:36] User ID: 29, IP: ::1, Event: enter_fullscreen, Action: clear_clipboard
[2025-05-16 10:48:38] User ID: 19, IP: ::1, Event: enter_fullscreen, Action: clear_clipboard
[2025-05-16 10:48:40] User ID: 20, IP: ::1, Event: page_load, Action: clear_clipboard
[2025-05-16 10:48:40] User ID: 14, IP: ::1, Event: enter_fullscreen, Action: clear_clipboard
[2025-05-16 10:48:45] User ID: 19, IP: ::1, Event: page_load, Action: clear_clipboard
[2025-05-16 10:48:46] User ID: 19, IP: ::1, Event: enter_fullscreen, Action: clear_clipboard
[2025-05-16 10:48:59] User ID: 14, IP: ::1, Event: window_focus, Action: clear_clipboard
[2025-05-16 10:49:08] User ID: 19, IP: ::1, Event: enter_fullscreen, Action: clear_clipboard
[2025-05-16 10:49:31] User ID: 16, IP: ::1, Event: enter_fullscreen, Action: clear_clipboard
[2025-05-16 10:49:32] User ID: 19, IP: ::1, Event: enter_fullscreen, Action: clear_clipboard
[2025-05-16 10:49:40] User ID: 28, IP: ::1, Event: clipboard_check_detected_code, Action: clear_clipboard
[2025-05-16 10:49:41] User ID: 20, IP: ::1, Event: enter_fullscreen, Action: clear_clipboard
[2025-05-16 10:49:42] User ID: 11, IP: ::1, Event: enter_fullscreen, Action: clear_clipboard
[2025-05-16 10:49:43] User ID: 20, IP: ::1, Event: enter_fullscreen, Action: clear_clipboard
[2025-05-16 10:49:57] User ID: 16, IP: ::1, Event: enter_fullscreen, Action: clear_clipboard
[2025-05-16 10:50:06] User ID: 16, IP: ::1, Event: enter_fullscreen, Action: clear_clipboard
[2025-05-16 10:50:13] User ID: 29, IP: ::1, Event: window_focus, Action: clear_clipboard
[2025-05-16 10:50:13] User ID: 20, IP: ::1, Event: enter_fullscreen, Action: clear_clipboard
[2025-05-16 10:50:16] User ID: 28, IP: ::1, Event: page_load, Action: clear_clipboard
[2025-05-16 10:50:17] User ID: 28, IP: ::1, Event: enter_fullscreen, Action: clear_clipboard
[2025-05-16 10:50:28] User ID: 11, IP: ::1, Event: enter_fullscreen, Action: clear_clipboard
[2025-05-16 10:50:33] User ID: 18, IP: ::1, Event: page_load, Action: clear_clipboard
[2025-05-16 10:50:34] User ID: 18, IP: ::1, Event: enter_fullscreen, Action: clear_clipboard
[2025-05-16 10:50:38] User ID: 16, IP: ::1, Event: enter_fullscreen, Action: clear_clipboard
[2025-05-16 10:51:20] User ID: 30, IP: ::1, Event: window_focus, Action: clear_clipboard
[2025-05-16 10:51:31] User ID: 13, IP: ::1, Event: window_focus, Action: clear_clipboard
[2025-05-16 10:51:32] User ID: 13, IP: ::1, Event: window_focus, Action: clear_clipboard
[2025-05-16 10:51:46] User ID: 19, IP: ::1, Event: enter_fullscreen, Action: clear_clipboard
[2025-05-16 10:51:51] User ID: 20, IP: ::1, Event: window_focus, Action: clear_clipboard
[2025-05-16 10:51:51] User ID: 11, IP: ::1, Event: enter_fullscreen, Action: clear_clipboard
[2025-05-16 10:52:00] User ID: 30, IP: ::1, Event: page_load, Action: clear_clipboard
[2025-05-16 10:52:01] User ID: 30, IP: ::1, Event: enter_fullscreen, Action: clear_clipboard
[2025-05-16 10:52:20] User ID: 13, IP: ::1, Event: window_focus, Action: clear_clipboard
[2025-05-16 10:52:24] User ID: 11, IP: ::1, Event: window_focus, Action: clear_clipboard
[2025-05-16 10:52:27] User ID: 18, IP: ::1, Event: enter_fullscreen, Action: clear_clipboard
[2025-05-16 10:52:27] User ID: 29, IP: ::1, Event: page_load, Action: clear_clipboard
[2025-05-16 10:52:28] User ID: 29, IP: ::1, Event: enter_fullscreen, Action: clear_clipboard
[2025-05-16 10:52:28] User ID: 19, IP: ::1, Event: enter_fullscreen, Action: clear_clipboard
[2025-05-16 10:52:48] User ID: 29, IP: ::1, Event: window_focus, Action: clear_clipboard
[2025-05-16 10:52:51] User ID: 13, IP: ::1, Event: window_focus, Action: clear_clipboard
[2025-05-16 10:53:10] User ID: 13, IP: ::1, Event: page_load, Action: clear_clipboard
[2025-05-16 10:53:10] User ID: 13, IP: ::1, Event: enter_fullscreen, Action: clear_clipboard
[2025-05-16 10:53:24] User ID: 26, IP: ::1, Event: window_focus, Action: clear_clipboard
[2025-05-16 10:53:24] User ID: 12, IP: ::1, Event: enter_fullscreen, Action: clear_clipboard
[2025-05-16 10:53:25] User ID: 26, IP: ::1, Event: window_focus, Action: clear_clipboard
[2025-05-16 10:53:40] User ID: 26, IP: ::1, Event: page_load, Action: clear_clipboard
[2025-05-16 10:53:42] User ID: 13, IP: ::1, Event: enter_fullscreen, Action: clear_clipboard
[2025-05-16 10:53:43] User ID: 26, IP: ::1, Event: enter_fullscreen, Action: clear_clipboard
[2025-05-16 10:53:53] User ID: 13, IP: ::1, Event: window_focus, Action: clear_clipboard
[2025-05-16 10:54:01] User ID: 13, IP: ::1, Event: window_focus, Action: clear_clipboard
[2025-05-16 10:54:15] User ID: 21, IP: ::1, Event: enter_fullscreen, Action: clear_clipboard
[2025-05-16 10:54:17] User ID: 18, IP: ::1, Event: window_focus, Action: clear_clipboard
[2025-05-16 10:54:17] User ID: 18, IP: ::1, Event: window_focus, Action: clear_clipboard
[2025-05-16 10:54:20] User ID: 18, IP: ::1, Event: window_focus, Action: clear_clipboard
[2025-05-16 10:54:23] User ID: 25, IP: ::1, Event: enter_fullscreen, Action: clear_clipboard
[2025-05-16 10:54:26] User ID: 13, IP: ::1, Event: window_focus, Action: clear_clipboard
[2025-05-16 10:54:36] User ID: 13, IP: ::1, Event: page_load, Action: clear_clipboard
[2025-05-16 10:54:37] User ID: 13, IP: ::1, Event: enter_fullscreen, Action: clear_clipboard
[2025-05-16 10:54:44] User ID: 13, IP: ::1, Event: window_focus, Action: clear_clipboard
[2025-05-16 10:54:51] User ID: 13, IP: ::1, Event: window_focus, Action: clear_clipboard
[2025-05-16 10:54:54] User ID: 13, IP: ::1, Event: window_focus, Action: clear_clipboard
[2025-05-16 10:54:57] User ID: 12, IP: ::1, Event: enter_fullscreen, Action: clear_clipboard
[2025-05-16 10:55:11] User ID: 13, IP: ::1, Event: window_focus, Action: clear_clipboard
[2025-05-16 10:55:31] User ID: 13, IP: ::1, Event: window_focus, Action: clear_clipboard
[2025-05-16 10:55:35] User ID: 13, IP: ::1, Event: window_focus, Action: clear_clipboard
[2025-05-16 10:55:43] User ID: 13, IP: ::1, Event: page_load, Action: clear_clipboard
[2025-05-16 10:55:45] User ID: 13, IP: ::1, Event: enter_fullscreen, Action: clear_clipboard
[2025-05-16 10:55:59] User ID: 13, IP: ::1, Event: window_focus, Action: clear_clipboard
[2025-05-16 10:55:59] User ID: 26, IP: ::1, Event: window_focus, Action: clear_clipboard
[2025-05-16 10:56:16] User ID: 19, IP: ::1, Event: window_focus, Action: clear_clipboard
[2025-05-16 10:56:39] User ID: 13, IP: ::1, Event: window_focus, Action: clear_clipboard
[2025-05-16 10:56:54] User ID: 10, IP: ::1, Event: enter_fullscreen, Action: clear_clipboard
[2025-05-16 10:57:00] User ID: 13, IP: ::1, Event: window_focus, Action: clear_clipboard
[2025-05-16 10:57:08] User ID: 25, IP: ::1, Event: enter_fullscreen, Action: clear_clipboard
[2025-05-16 12:31:39] User ID: 1, IP: ::1, Event: page_load, Action: clear_clipboard
[2025-05-16 12:31:43] User ID: 1, IP: ::1, Event: enter_fullscreen, Action: clear_clipboard
[2025-05-16 20:46:04] User ID: 1, IP: ::1, Event: page_load, Action: clear_clipboard
[2025-05-16 20:46:26] User ID: 1, IP: ::1, Event: page_load, Action: clear_clipboard
[2025-05-16 20:48:10] User ID: 1, IP: ::1, Event: page_load, Action: clear_clipboard
[2025-05-16 20:48:57] User ID: 1, IP: ::1, Event: page_load, Action: clear_clipboard
[2025-05-16 20:48:58] User ID: 1, IP: ::1, Event: enter_fullscreen, Action: clear_clipboard
[2025-05-16 21:59:43] User ID: 1, IP: ::1, Event: page_load, Action: clear_clipboard
[2025-05-16 21:59:44] User ID: 1, IP: ::1, Event: enter_fullscreen, Action: clear_clipboard
[2025-05-16 22:00:03] User ID: 1, IP: ::1, Event: enter_fullscreen, Action: clear_clipboard
[2025-05-16 22:00:40] User ID: 1, IP: ::1, Event: page_load, Action: clear_clipboard
[2025-05-16 22:00:50] User ID: 1, IP: ::1, Event: enter_fullscreen, Action: clear_clipboard
[2025-05-16 22:01:50] User ID: 1, IP: ::1, Event: page_load, Action: clear_clipboard
[2025-05-16 22:02:33] User ID: 1, IP: ::1, Event: page_load, Action: clear_clipboard
[2025-05-16 22:02:40] User ID: 1, IP: ::1, Event: enter_fullscreen, Action: clear_clipboard
[2025-05-16 22:03:13] User ID: 1, IP: ::1, Event: page_load, Action: clear_clipboard
[2025-05-16 22:03:15] User ID: 1, IP: ::1, Event: enter_fullscreen, Action: clear_clipboard
[2025-05-16 22:03:24] User ID: 1, IP: ::1, Event: enter_fullscreen, Action: clear_clipboard
[2025-05-16 22:03:28] User ID: 1, IP: ::1, Event: window_focus, Action: clear_clipboard
[2025-05-16 22:03:29] User ID: 1, IP: ::1, Event: page_load, Action: clear_clipboard
[2025-05-16 22:03:30] User ID: 1, IP: ::1, Event: enter_fullscreen, Action: clear_clipboard
[2025-05-16 22:03:50] User ID: 1, IP: ::1, Event: page_load, Action: clear_clipboard
[2025-05-16 22:03:55] User ID: 1, IP: ::1, Event: enter_fullscreen, Action: clear_clipboard
[2025-05-16 22:05:09] User ID: 1, IP: ::1, Event: page_load, Action: clear_clipboard
[2025-05-16 22:05:11] User ID: 1, IP: ::1, Event: enter_fullscreen, Action: clear_clipboard
[2025-05-16 22:05:21] User ID: 1, IP: ::1, Event: enter_fullscreen, Action: clear_clipboard
[2025-05-16 22:05:22] User ID: 1, IP: ::1, Event: page_load, Action: clear_clipboard
[2025-05-16 22:05:23] User ID: 1, IP: ::1, Event: enter_fullscreen, Action: clear_clipboard
[2025-05-16 22:06:15] User ID: 1, IP: ::1, Event: page_load, Action: clear_clipboard
[2025-05-16 22:06:17] User ID: 1, IP: ::1, Event: enter_fullscreen, Action: clear_clipboard
[2025-05-16 22:06:28] User ID: 1, IP: ::1, Event: page_load, Action: clear_clipboard
[2025-05-16 22:06:30] User ID: 1, IP: ::1, Event: enter_fullscreen, Action: clear_clipboard
[2025-05-16 22:13:55] User ID: 1, IP: ::1, Event: page_load, Action: clear_clipboard
[2025-05-16 22:13:56] User ID: 1, IP: ::1, Event: enter_fullscreen, Action: clear_clipboard
[2025-05-16 22:14:09] User ID: 1, IP: ::1, Event: page_load, Action: clear_clipboard
[2025-05-16 22:14:10] User ID: 1, IP: ::1, Event: enter_fullscreen, Action: clear_clipboard
[2025-05-16 22:14:19] User ID: 1, IP: ::1, Event: enter_fullscreen, Action: clear_clipboard
[2025-05-16 22:14:19] User ID: 1, IP: ::1, Event: window_focus, Action: clear_clipboard
[2025-05-16 22:14:20] User ID: 1, IP: ::1, Event: page_load, Action: clear_clipboard
[2025-05-16 22:14:21] User ID: 1, IP: ::1, Event: enter_fullscreen, Action: clear_clipboard
[2025-05-16 22:14:45] User ID: 1, IP: ::1, Event: page_load, Action: clear_clipboard
[2025-05-16 22:14:47] User ID: 1, IP: ::1, Event: enter_fullscreen, Action: clear_clipboard
[2025-05-16 22:14:58] User ID: 1, IP: ::1, Event: enter_fullscreen, Action: clear_clipboard
[2025-05-16 22:15:00] User ID: 1, IP: ::1, Event: page_load, Action: clear_clipboard
[2025-05-16 22:15:02] User ID: 1, IP: ::1, Event: enter_fullscreen, Action: clear_clipboard
[2025-05-16 22:22:50] User ID: 1, IP: ::1, Event: page_load, Action: clear_clipboard
[2025-05-16 22:22:53] User ID: 1, IP: ::1, Event: enter_fullscreen, Action: clear_clipboard
[2025-05-16 22:23:25] User ID: 1, IP: ::1, Event: page_load, Action: clear_clipboard
[2025-05-16 22:23:28] User ID: 1, IP: ::1, Event: enter_fullscreen, Action: clear_clipboard
[2025-05-16 22:23:38] User ID: 1, IP: ::1, Event: page_load, Action: clear_clipboard
[2025-05-16 22:23:40] User ID: 1, IP: ::1, Event: enter_fullscreen, Action: clear_clipboard
[2025-05-16 22:24:03] User ID: 1, IP: ::1, Event: page_load, Action: clear_clipboard
[2025-05-16 22:24:13] User ID: 1, IP: ::1, Event: page_load, Action: clear_clipboard
[2025-05-16 22:24:17] User ID: 1, IP: ::1, Event: page_load, Action: clear_clipboard
[2025-05-16 22:24:18] User ID: 1, IP: ::1, Event: page_load, Action: clear_clipboard
[2025-05-16 22:24:19] User ID: 1, IP: ::1, Event: page_load, Action: clear_clipboard
[2025-05-16 22:24:19] User ID: 1, IP: ::1, Event: page_load, Action: clear_clipboard
[2025-05-16 22:24:20] User ID: 1, IP: ::1, Event: page_load, Action: clear_clipboard
[2025-05-16 22:24:21] User ID: 1, IP: ::1, Event: page_load, Action: clear_clipboard
[2025-05-16 22:24:29] User ID: 1, IP: ::1, Event: page_load, Action: clear_clipboard
[2025-05-16 22:24:33] User ID: 1, IP: ::1, Event: enter_fullscreen, Action: clear_clipboard
[2025-05-16 22:24:50] User ID: 1, IP: ::1, Event: enter_fullscreen, Action: clear_clipboard
[2025-05-16 22:24:50] User ID: 1, IP: ::1, Event: window_focus, Action: clear_clipboard
[2025-05-16 22:31:22] User ID: 1, IP: ::1, Event: page_load, Action: clear_clipboard
[2025-05-16 22:31:30] User ID: 1, IP: ::1, Event: page_load, Action: clear_clipboard
[2025-05-16 22:31:38] User ID: 1, IP: ::1, Event: enter_fullscreen, Action: clear_clipboard
[2025-05-16 22:36:28] User ID: 1, IP: ::1, Event: page_load, Action: clear_clipboard
[2025-05-16 22:36:31] User ID: 1, IP: ::1, Event: enter_fullscreen, Action: clear_clipboard
[2025-05-16 22:36:38] User ID: 1, IP: ::1, Event: window_focus, Action: clear_clipboard
[2025-05-16 22:36:40] User ID: 1, IP: ::1, Event: page_load, Action: clear_clipboard
[2025-05-16 22:37:00] User ID: 1, IP: ::1, Event: page_load, Action: clear_clipboard
[2025-05-16 22:38:20] User ID: 1, IP: ::1, Event: enter_fullscreen, Action: clear_clipboard
[2025-05-16 22:38:21] User ID: 1, IP: ::1, Event: page_load, Action: clear_clipboard
[2025-05-16 22:38:22] User ID: 1, IP: ::1, Event: enter_fullscreen, Action: clear_clipboard
[2025-05-16 22:39:51] User ID: 1, IP: ::1, Event: window_focus, Action: clear_clipboard
[2025-05-16 22:39:51] User ID: 1, IP: ::1, Event: page_load, Action: clear_clipboard
[2025-05-16 22:39:53] User ID: 1, IP: ::1, Event: enter_fullscreen, Action: clear_clipboard
[2025-05-16 22:40:50] User ID: 1, IP: ::1, Event: window_focus, Action: clear_clipboard
[2025-05-16 22:40:54] User ID: 1, IP: ::1, Event: page_load, Action: clear_clipboard
[2025-05-16 22:45:53] User ID: 1, IP: ::1, Event: page_load, Action: clear_clipboard
[2025-05-16 22:45:55] User ID: 1, IP: ::1, Event: page_load, Action: clear_clipboard
[2025-05-16 22:45:57] User ID: 1, IP: ::1, Event: enter_fullscreen, Action: clear_clipboard
[2025-05-16 22:46:10] User ID: 1, IP: ::1, Event: page_load, Action: clear_clipboard
[2025-05-16 22:46:12] User ID: 1, IP: ::1, Event: enter_fullscreen, Action: clear_clipboard
[2025-05-16 22:46:35] User ID: 1, IP: ::1, Event: page_load, Action: clear_clipboard
[2025-05-16 22:46:36] User ID: 1, IP: ::1, Event: enter_fullscreen, Action: clear_clipboard
[2025-05-16 22:47:02] User ID: 1, IP: ::1, Event: window_focus, Action: clear_clipboard
[2025-05-16 22:47:04] User ID: 1, IP: ::1, Event: page_load, Action: clear_clipboard
[2025-05-16 22:47:24] User ID: 1, IP: ::1, Event: enter_fullscreen, Action: clear_clipboard
[2025-05-16 22:47:38] User ID: 1, IP: ::1, Event: window_focus, Action: clear_clipboard
[2025-05-16 22:47:45] User ID: 1, IP: ::1, Event: window_focus, Action: clear_clipboard
[2025-05-16 22:47:45] User ID: 1, IP: ::1, Event: window_focus, Action: clear_clipboard
[2025-05-16 22:47:45] User ID: 1, IP: ::1, Event: page_load, Action: clear_clipboard
[2025-05-16 22:53:06] User ID: 1, IP: ::1, Event: page_load, Action: clear_clipboard
[2025-05-16 22:53:08] User ID: 1, IP: ::1, Event: enter_fullscreen, Action: clear_clipboard
[2025-05-16 22:56:58] User ID: 1, IP: ::1, Event: page_load, Action: clear_clipboard
[2025-05-16 22:56:59] User ID: 1, IP: ::1, Event: enter_fullscreen, Action: clear_clipboard
[2025-05-16 22:57:08] User ID: 1, IP: ::1, Event: page_load, Action: clear_clipboard
[2025-05-16 22:57:09] User ID: 1, IP: ::1, Event: enter_fullscreen, Action: clear_clipboard
[2025-05-16 22:57:31] User ID: 1, IP: ::1, Event: window_focus, Action: clear_clipboard
[2025-05-16 22:57:33] User ID: 1, IP: ::1, Event: page_load, Action: clear_clipboard
[2025-05-16 22:57:35] User ID: 1, IP: ::1, Event: enter_fullscreen, Action: clear_clipboard
[2025-05-16 22:57:58] User ID: 1, IP: ::1, Event: page_load, Action: clear_clipboard
[2025-05-16 22:58:00] User ID: 1, IP: ::1, Event: enter_fullscreen, Action: clear_clipboard
[2025-05-16 23:03:17] User ID: 1, IP: ::1, Event: enter_fullscreen, Action: clear_clipboard
[2025-05-16 23:03:22] User ID: 1, IP: ::1, Event: window_focus, Action: clear_clipboard
[2025-05-16 23:03:22] User ID: 1, IP: ::1, Event: window_focus, Action: clear_clipboard
[2025-05-16 23:03:26] User ID: 1, IP: ::1, Event: page_load, Action: clear_clipboard
[2025-05-16 23:03:28] User ID: 1, IP: ::1, Event: enter_fullscreen, Action: clear_clipboard
[2025-05-16 23:05:17] User ID: 1, IP: ::1, Event: enter_fullscreen, Action: clear_clipboard
[2025-05-16 23:05:20] User ID: 1, IP: ::1, Event: window_focus, Action: clear_clipboard
[2025-05-16 23:05:24] User ID: 1, IP: ::1, Event: page_load, Action: clear_clipboard
[2025-05-16 23:05:25] User ID: 1, IP: ::1, Event: enter_fullscreen, Action: clear_clipboard
[2025-05-16 23:08:03] User ID: 1, IP: ::1, Event: page_load, Action: clear_clipboard
[2025-05-16 23:08:05] User ID: 1, IP: ::1, Event: enter_fullscreen, Action: clear_clipboard
[2025-05-16 23:08:21] User ID: 1, IP: ::1, Event: enter_fullscreen, Action: clear_clipboard
[2025-05-16 23:12:13] User ID: 1, IP: ::1, Event: enter_fullscreen, Action: clear_clipboard
[2025-05-16 23:13:28] User ID: 1, IP: ::1, Event: page_load, Action: clear_clipboard
[2025-05-16 23:13:30] User ID: 1, IP: ::1, Event: enter_fullscreen, Action: clear_clipboard
[2025-05-16 23:17:14] User ID: 1, IP: ::1, Event: page_load, Action: clear_clipboard
[2025-05-16 23:17:15] User ID: 1, IP: ::1, Event: enter_fullscreen, Action: clear_clipboard
[2025-05-16 23:17:59] User ID: 1, IP: ::1, Event: page_load, Action: clear_clipboard
[2025-05-16 23:18:01] User ID: 1, IP: ::1, Event: enter_fullscreen, Action: clear_clipboard
[2025-05-16 23:19:18] User ID: 1, IP: ::1, Event: page_load, Action: clear_clipboard
[2025-05-16 23:19:20] User ID: 1, IP: ::1, Event: enter_fullscreen, Action: clear_clipboard
[2025-05-16 23:21:01] User ID: 1, IP: ::1, Event: page_load, Action: clear_clipboard
[2025-05-16 23:21:02] User ID: 1, IP: ::1, Event: enter_fullscreen, Action: clear_clipboard
[2025-05-16 23:21:09] User ID: 1, IP: ::1, Event: enter_fullscreen, Action: clear_clipboard
[2025-05-16 23:21:13] User ID: 1, IP: ::1, Event: page_load, Action: clear_clipboard
[2025-05-16 23:21:15] User ID: 1, IP: ::1, Event: enter_fullscreen, Action: clear_clipboard
[2025-05-16 23:26:04] User ID: 1, IP: ::1, Event: enter_fullscreen, Action: clear_clipboard
[2025-05-16 23:26:05] User ID: 1, IP: ::1, Event: page_load, Action: clear_clipboard
[2025-05-16 23:26:06] User ID: 1, IP: ::1, Event: enter_fullscreen, Action: clear_clipboard
[2025-05-16 23:26:13] User ID: 1, IP: ::1, Event: page_load, Action: clear_clipboard
[2025-05-16 23:26:14] User ID: 1, IP: ::1, Event: page_load, Action: clear_clipboard
[2025-05-16 23:26:14] User ID: 1, IP: ::1, Event: page_load, Action: clear_clipboard
[2025-05-16 23:26:15] User ID: 1, IP: ::1, Event: page_load, Action: clear_clipboard
[2025-05-16 23:26:16] User ID: 1, IP: ::1, Event: page_load, Action: clear_clipboard
[2025-05-16 23:26:16] User ID: 1, IP: ::1, Event: page_load, Action: clear_clipboard
[2025-05-16 23:26:18] User ID: 1, IP: ::1, Event: enter_fullscreen, Action: clear_clipboard
[2025-05-16 23:26:30] User ID: 1, IP: ::1, Event: enter_fullscreen, Action: clear_clipboard
[2025-05-16 23:27:36] User ID: 1, IP: ::1, Event: page_load, Action: clear_clipboard
[2025-05-16 23:27:55] User ID: 1, IP: ::1, Event: enter_fullscreen, Action: clear_clipboard
[2025-05-16 23:31:45] User ID: 1, IP: ::1, Event: page_load, Action: clear_clipboard
[2025-05-16 23:31:46] User ID: 1, IP: ::1, Event: enter_fullscreen, Action: clear_clipboard
[2025-05-16 23:32:01] User ID: 1, IP: ::1, Event: page_load, Action: clear_clipboard
[2025-05-16 23:32:02] User ID: 1, IP: ::1, Event: enter_fullscreen, Action: clear_clipboard
[2025-05-16 23:33:42] User ID: 1, IP: ::1, Event: page_load, Action: clear_clipboard
[2025-05-16 23:33:43] User ID: 1, IP: ::1, Event: enter_fullscreen, Action: clear_clipboard
[2025-05-16 23:36:53] User ID: 1, IP: ::1, Event: page_load, Action: clear_clipboard
[2025-05-16 23:36:55] User ID: 1, IP: ::1, Event: enter_fullscreen, Action: clear_clipboard
[2025-05-16 23:36:58] User ID: 1, IP: ::1, Event: enter_fullscreen, Action: clear_clipboard
[2025-05-16 23:38:50] User ID: 1, IP: ::1, Event: enter_fullscreen, Action: clear_clipboard
[2025-05-16 23:38:52] User ID: 1, IP: ::1, Event: page_load, Action: clear_clipboard
[2025-05-16 23:38:55] User ID: 1, IP: ::1, Event: enter_fullscreen, Action: clear_clipboard
[2025-05-16 23:39:01] User ID: 1, IP: ::1, Event: enter_fullscreen, Action: clear_clipboard
[2025-05-16 23:39:09] User ID: 1, IP: ::1, Event: page_load, Action: clear_clipboard
[2025-05-16 23:39:11] User ID: 1, IP: ::1, Event: enter_fullscreen, Action: clear_clipboard
[2025-05-16 23:40:02] User ID: 1, IP: ::1, Event: page_load, Action: clear_clipboard
[2025-05-16 23:40:07] User ID: 1, IP: ::1, Event: enter_fullscreen, Action: clear_clipboard
[2025-05-16 23:40:25] User ID: 1, IP: ::1, Event: page_load, Action: clear_clipboard
[2025-05-16 23:40:30] User ID: 1, IP: ::1, Event: enter_fullscreen, Action: clear_clipboard
[2025-05-16 23:41:06] User ID: 1, IP: ::1, Event: page_load, Action: clear_clipboard
[2025-05-16 23:41:08] User ID: 1, IP: ::1, Event: enter_fullscreen, Action: clear_clipboard
[2025-05-16 23:44:17] User ID: 1, IP: ::1, Event: page_load, Action: clear_clipboard
[2025-05-16 23:44:18] User ID: 1, IP: ::1, Event: enter_fullscreen, Action: clear_clipboard
[2025-05-16 23:44:24] User ID: 1, IP: ::1, Event: page_load, Action: clear_clipboard
[2025-05-16 23:44:31] User ID: 1, IP: ::1, Event: page_load, Action: clear_clipboard
[2025-05-16 23:44:37] User ID: 1, IP: ::1, Event: enter_fullscreen, Action: clear_clipboard
[2025-05-16 23:44:47] User ID: 1, IP: ::1, Event: enter_fullscreen, Action: clear_clipboard
[2025-05-16 23:44:48] User ID: 1, IP: ::1, Event: page_load, Action: clear_clipboard
[2025-05-16 23:49:14] User ID: 1, IP: ::1, Event: page_load, Action: clear_clipboard
[2025-05-16 23:49:18] User ID: 1, IP: ::1, Event: enter_fullscreen, Action: clear_clipboard
[2025-05-16 23:49:24] User ID: 1, IP: ::1, Event: enter_fullscreen, Action: clear_clipboard
[2025-05-16 23:51:15] User ID: 1, IP: ::1, Event: page_load, Action: clear_clipboard
[2025-05-16 23:51:17] User ID: 1, IP: ::1, Event: enter_fullscreen, Action: clear_clipboard
[2025-05-16 23:51:22] User ID: 1, IP: ::1, Event: page_load, Action: clear_clipboard
[2025-05-16 23:51:30] User ID: 1, IP: ::1, Event: page_load, Action: clear_clipboard
[2025-05-16 23:51:35] User ID: 1, IP: ::1, Event: enter_fullscreen, Action: clear_clipboard
[2025-05-16 23:51:46] User ID: 1, IP: ::1, Event: page_load, Action: clear_clipboard
[2025-05-16 23:51:49] User ID: 1, IP: ::1, Event: enter_fullscreen, Action: clear_clipboard
[2025-05-16 23:56:20] User ID: 1, IP: ::1, Event: enter_fullscreen, Action: clear_clipboard
[2025-05-16 23:56:24] User ID: 1, IP: ::1, Event: enter_fullscreen, Action: clear_clipboard
[2025-05-16 23:59:20] User ID: 1, IP: ::1, Event: page_load, Action: clear_clipboard
[2025-05-16 23:59:21] User ID: 1, IP: ::1, Event: enter_fullscreen, Action: clear_clipboard
[2025-05-16 23:59:27] User ID: 1, IP: ::1, Event: page_load, Action: clear_clipboard
[2025-05-16 23:59:28] User ID: 1, IP: ::1, Event: enter_fullscreen, Action: clear_clipboard
[2025-05-16 23:59:34] User ID: 1, IP: ::1, Event: page_load, Action: clear_clipboard
[2025-05-16 23:59:36] User ID: 1, IP: ::1, Event: enter_fullscreen, Action: clear_clipboard
[2025-05-17 00:00:27] User ID: 1, IP: ::1, Event: page_load, Action: clear_clipboard
[2025-05-17 00:01:25] User ID: 1, IP: ::1, Event: page_load, Action: clear_clipboard
[2025-05-17 00:03:30] User ID: 1, IP: ::1, Event: page_load, Action: clear_clipboard
[2025-05-17 00:03:32] User ID: 1, IP: ::1, Event: enter_fullscreen, Action: clear_clipboard
[2025-05-17 00:03:38] User ID: 1, IP: ::1, Event: page_load, Action: clear_clipboard
[2025-05-17 00:10:26] User ID: 1, IP: ::1, Event: page_load, Action: clear_clipboard
[2025-05-17 00:10:29] User ID: 1, IP: ::1, Event: enter_fullscreen, Action: clear_clipboard
[2025-05-17 00:10:34] User ID: 1, IP: ::1, Event: enter_fullscreen, Action: clear_clipboard
[2025-05-17 00:10:39] User ID: 1, IP: ::1, Event: page_load, Action: clear_clipboard
[2025-05-17 00:10:41] User ID: 1, IP: ::1, Event: enter_fullscreen, Action: clear_clipboard
[2025-05-17 00:10:46] User ID: 1, IP: ::1, Event: page_load, Action: clear_clipboard
[2025-05-17 00:16:56] User ID: 1, IP: ::1, Event: page_load, Action: clear_clipboard
[2025-05-17 00:17:01] User ID: 1, IP: ::1, Event: enter_fullscreen, Action: clear_clipboard
[2025-05-17 00:17:21] User ID: 1, IP: ::1, Event: enter_fullscreen, Action: clear_clipboard
[2025-05-17 00:17:37] User ID: 1, IP: ::1, Event: enter_fullscreen, Action: clear_clipboard
[2025-05-17 00:23:36] User ID: 1, IP: ::1, Event: page_load, Action: clear_clipboard
[2025-05-17 00:23:36] User ID: 1, IP: ::1, Event: page_load, Action: clear_clipboard
[2025-05-17 00:23:39] User ID: 1, IP: ::1, Event: enter_fullscreen, Action: clear_clipboard
[2025-05-17 00:23:43] User ID: 1, IP: ::1, Event: enter_fullscreen, Action: clear_clipboard
[2025-05-17 00:23:50] User ID: 1, IP: ::1, Event: enter_fullscreen, Action: clear_clipboard
[2025-05-17 00:25:06] User ID: 1, IP: ::1, Event: page_load, Action: clear_clipboard
[2025-05-17 00:25:14] User ID: 1, IP: ::1, Event: enter_fullscreen, Action: clear_clipboard
[2025-05-17 00:25:20] User ID: 1, IP: ::1, Event: enter_fullscreen, Action: clear_clipboard
[2025-05-17 00:25:27] User ID: 1, IP: ::1, Event: enter_fullscreen, Action: clear_clipboard
[2025-05-17 00:25:32] User ID: 1, IP: ::1, Event: enter_fullscreen, Action: clear_clipboard
[2025-05-17 00:25:38] User ID: 1, IP: ::1, Event: page_load, Action: clear_clipboard
[2025-05-17 00:25:48] User ID: 1, IP: ::1, Event: page_load, Action: clear_clipboard
[2025-05-17 00:32:03] User ID: 1, IP: ::1, Event: page_load, Action: clear_clipboard
[2025-05-17 00:32:05] User ID: 1, IP: ::1, Event: enter_fullscreen, Action: clear_clipboard
[2025-05-17 00:32:10] User ID: 1, IP: ::1, Event: enter_fullscreen, Action: clear_clipboard
[2025-05-17 00:32:17] User ID: 1, IP: ::1, Event: enter_fullscreen, Action: clear_clipboard
[2025-05-17 00:32:30] User ID: 1, IP: ::1, Event: enter_fullscreen, Action: clear_clipboard
[2025-05-17 00:32:35] User ID: 1, IP: ::1, Event: page_load, Action: clear_clipboard
[2025-05-17 00:32:52] User ID: 1, IP: ::1, Event: page_load, Action: clear_clipboard
[2025-05-17 00:34:33] User ID: 1, IP: ::1, Event: page_load, Action: clear_clipboard
[2025-05-17 00:35:12] User ID: 1, IP: ::1, Event: page_load, Action: clear_clipboard
[2025-05-17 00:35:20] User ID: 1, IP: ::1, Event: enter_fullscreen, Action: clear_clipboard
[2025-05-17 00:35:27] User ID: 1, IP: ::1, Event: page_load, Action: clear_clipboard
[2025-05-17 00:37:00] User ID: 1, IP: ::1, Event: page_load, Action: clear_clipboard
[2025-05-17 00:37:01] User ID: 1, IP: ::1, Event: enter_fullscreen, Action: clear_clipboard
[2025-05-17 00:37:08] User ID: 1, IP: ::1, Event: page_load, Action: clear_clipboard
[2025-05-17 00:37:19] User ID: 1, IP: ::1, Event: enter_fullscreen, Action: clear_clipboard
[2025-05-17 00:37:27] User ID: 1, IP: ::1, Event: page_load, Action: clear_clipboard
[2025-05-17 00:37:38] User ID: 1, IP: ::1, Event: page_load, Action: clear_clipboard
[2025-05-17 00:43:48] User ID: 1, IP: ::1, Event: page_load, Action: clear_clipboard
[2025-05-17 00:43:51] User ID: 1, IP: ::1, Event: enter_fullscreen, Action: clear_clipboard
[2025-05-17 00:43:59] User ID: 1, IP: ::1, Event: page_load, Action: clear_clipboard
[2025-05-17 00:44:04] User ID: 1, IP: ::1, Event: enter_fullscreen, Action: clear_clipboard
[2025-05-17 00:44:15] User ID: 1, IP: ::1, Event: enter_fullscreen, Action: clear_clipboard
[2025-05-17 06:50:59] User ID: 1, IP: ::1, Event: page_load, Action: clear_clipboard
[2025-05-17 06:51:02] User ID: 1, IP: ::1, Event: enter_fullscreen, Action: clear_clipboard
[2025-05-17 06:51:07] User ID: 1, IP: ::1, Event: enter_fullscreen, Action: clear_clipboard
[2025-05-17 06:51:14] User ID: 1, IP: ::1, Event: page_load, Action: clear_clipboard
[2025-05-17 06:51:17] User ID: 1, IP: ::1, Event: enter_fullscreen, Action: clear_clipboard
[2025-05-17 06:51:24] User ID: 1, IP: ::1, Event: enter_fullscreen, Action: clear_clipboard
[2025-05-17 06:52:09] User ID: 1, IP: ::1, Event: enter_fullscreen, Action: clear_clipboard
[2025-05-17 07:11:36] User ID: 1, IP: ::1, Event: page_load, Action: clear_clipboard
[2025-05-17 07:11:39] User ID: 1, IP: ::1, Event: enter_fullscreen, Action: clear_clipboard
[2025-05-17 07:11:55] User ID: 1, IP: ::1, Event: enter_fullscreen, Action: clear_clipboard
[2025-05-17 07:12:02] User ID: 1, IP: ::1, Event: enter_fullscreen, Action: clear_clipboard
[2025-05-17 07:12:32] User ID: 1, IP: ::1, Event: window_focus, Action: clear_clipboard
[2025-05-17 07:12:35] User ID: 1, IP: ::1, Event: page_load, Action: clear_clipboard
[2025-05-17 07:12:37] User ID: 1, IP: ::1, Event: enter_fullscreen, Action: clear_clipboard
[2025-05-17 07:37:29] User ID: 1, IP: ::1, Event: page_load, Action: clear_clipboard
[2025-05-17 08:29:19] User ID: 7, IP: ::1, Event: page_load, Action: clear_clipboard
[2025-05-17 08:29:21] User ID: 7, IP: ::1, Event: enter_fullscreen, Action: clear_clipboard
[2025-05-17 08:29:37] User ID: 7, IP: ::1, Event: enter_fullscreen, Action: clear_clipboard
[2025-05-17 08:29:53] User ID: 7, IP: ::1, Event: enter_fullscreen, Action: clear_clipboard
[2025-05-17 08:30:00] User ID: 7, IP: ::1, Event: enter_fullscreen, Action: clear_clipboard
[2025-05-17 08:30:03] User ID: 7, IP: ::1, Event: enter_fullscreen, Action: clear_clipboard
[2025-05-17 08:30:52] User ID: 7, IP: ::1, Event: enter_fullscreen, Action: clear_clipboard
[2025-05-17 08:34:12] User ID: 7, IP: ::1, Event: page_load, Action: clear_clipboard
[2025-05-17 08:37:23] User ID: 7, IP: ::1, Event: page_load, Action: clear_clipboard
[2025-05-17 08:37:57] User ID: 7, IP: ::1, Event: page_load, Action: clear_clipboard
[2025-05-17 08:40:50] User ID: 7, IP: ::1, Event: page_load, Action: clear_clipboard
[2025-05-17 08:40:52] User ID: 7, IP: ::1, Event: enter_fullscreen, Action: clear_clipboard
[2025-05-17 08:41:16] User ID: 7, IP: ::1, Event: window_focus, Action: clear_clipboard
[2025-05-17 08:43:10] User ID: 7, IP: ::1, Event: page_load, Action: clear_clipboard
[2025-05-17 08:43:15] User ID: 7, IP: ::1, Event: enter_fullscreen, Action: clear_clipboard
[2025-05-17 08:43:26] User ID: 7, IP: ::1, Event: window_focus, Action: clear_clipboard
[2025-05-17 08:43:31] User ID: 7, IP: ::1, Event: page_load, Action: clear_clipboard
[2025-05-17 08:43:33] User ID: 7, IP: ::1, Event: enter_fullscreen, Action: clear_clipboard
[2025-05-17 08:44:32] User ID: 7, IP: ::1, Event: window_focus, Action: clear_clipboard
[2025-05-17 08:44:38] User ID: 7, IP: ::1, Event: page_load, Action: clear_clipboard
[2025-05-17 08:44:40] User ID: 7, IP: ::1, Event: enter_fullscreen, Action: clear_clipboard
[2025-05-17 08:44:52] User ID: 7, IP: ::1, Event: window_focus, Action: clear_clipboard
[2025-05-17 08:44:57] User ID: 7, IP: ::1, Event: page_load, Action: clear_clipboard
[2025-05-17 08:45:00] User ID: 7, IP: ::1, Event: enter_fullscreen, Action: clear_clipboard
[2025-05-17 09:02:04] User ID: 1, IP: ::1, Event: page_load, Action: clear_clipboard
[2025-05-17 09:02:06] User ID: 1, IP: ::1, Event: enter_fullscreen, Action: clear_clipboard
[2025-05-17 09:02:41] User ID: 1, IP: ::1, Event: window_focus, Action: clear_clipboard
[2025-05-17 09:02:44] User ID: 1, IP: ::1, Event: page_load, Action: clear_clipboard
[2025-05-17 09:02:45] User ID: 1, IP: ::1, Event: enter_fullscreen, Action: clear_clipboard
[2025-05-17 09:03:20] User ID: 1, IP: ::1, Event: enter_fullscreen, Action: clear_clipboard
[2025-05-17 09:03:57] User ID: 1, IP: ::1, Event: enter_fullscreen, Action: clear_clipboard
[2025-05-17 09:04:01] User ID: 1, IP: ::1, Event: window_focus, Action: clear_clipboard
[2025-05-17 09:04:03] User ID: 1, IP: ::1, Event: page_load, Action: clear_clipboard
[2025-05-17 09:04:05] User ID: 1, IP: ::1, Event: enter_fullscreen, Action: clear_clipboard
[2025-05-17 09:08:24] User ID: 1, IP: ::1, Event: page_load, Action: clear_clipboard
[2025-05-17 09:08:26] User ID: 1, IP: ::1, Event: enter_fullscreen, Action: clear_clipboard
[2025-05-17 09:08:51] User ID: 7, IP: ::1, Event: page_load, Action: clear_clipboard
[2025-05-17 09:08:52] User ID: 7, IP: ::1, Event: enter_fullscreen, Action: clear_clipboard
[2025-05-17 09:09:37] User ID: 7, IP: ::1, Event: enter_fullscreen, Action: clear_clipboard
[2025-05-17 09:15:11] User ID: 7, IP: ::1, Event: clipboard_check_detected_code, Action: clear_clipboard
[2025-05-17 09:15:17] User ID: 7, IP: ::1, Event: clipboard_check_detected_code, Action: clear_clipboard
[2025-05-17 09:15:47] User ID: 7, IP: ::1, Event: clipboard_check_detected_code, Action: clear_clipboard
[2025-05-17 09:22:09] User ID: 7, IP: ::1, Event: page_load, Action: clear_clipboard
[2025-05-17 09:22:10] User ID: 7, IP: ::1, Event: enter_fullscreen, Action: clear_clipboard
[2025-05-17 09:23:37] User ID: 1, IP: ::1, Event: page_load, Action: clear_clipboard
[2025-05-17 09:23:39] User ID: 1, IP: ::1, Event: enter_fullscreen, Action: clear_clipboard
[2025-05-17 09:25:13] User ID: 1, IP: ::1, Event: enter_fullscreen, Action: clear_clipboard
[2025-05-17 09:29:29] User ID: 7, IP: ::1, Event: page_load, Action: clear_clipboard
[2025-05-17 09:29:32] User ID: 7, IP: ::1, Event: enter_fullscreen, Action: clear_clipboard
[2025-05-17 09:29:43] User ID: 1, IP: ::1, Event: page_load, Action: clear_clipboard
[2025-05-17 09:29:47] User ID: 1, IP: ::1, Event: enter_fullscreen, Action: clear_clipboard
[2025-05-17 09:30:00] User ID: 1, IP: ::1, Event: enter_fullscreen, Action: clear_clipboard
[2025-05-17 10:19:04] User ID: 1, IP: ::1, Event: page_load, Action: clear_clipboard
[2025-05-17 10:19:06] User ID: 1, IP: ::1, Event: enter_fullscreen, Action: clear_clipboard
[2025-05-17 10:19:10] User ID: 7, IP: ::1, Event: page_load, Action: clear_clipboard
[2025-05-17 10:19:11] User ID: 7, IP: ::1, Event: enter_fullscreen, Action: clear_clipboard
[2025-05-20 07:19:07] User ID: 7, IP: ::1, Event: page_load, Action: clear_clipboard
[2025-05-20 07:19:10] User ID: 7, IP: ::1, Event: enter_fullscreen, Action: clear_clipboard
[2025-05-20 07:19:29] User ID: 7, IP: ::1, Event: enter_fullscreen, Action: clear_clipboard
[2025-05-20 07:22:23] User ID: 7, IP: ::1, Event: page_load, Action: clear_clipboard
[2025-05-20 07:22:25] User ID: 7, IP: ::1, Event: enter_fullscreen, Action: clear_clipboard
[2025-05-20 07:22:56] User ID: 7, IP: ::1, Event: window_focus, Action: clear_clipboard
[2025-05-20 07:23:01] User ID: 7, IP: ::1, Event: page_load, Action: clear_clipboard
[2025-05-20 07:23:04] User ID: 7, IP: ::1, Event: enter_fullscreen, Action: clear_clipboard
[2025-05-20 07:23:11] User ID: 7, IP: ::1, Event: window_focus, Action: clear_clipboard
[2025-05-20 07:23:18] User ID: 7, IP: ::1, Event: page_load, Action: clear_clipboard
[2025-05-20 07:23:25] User ID: 7, IP: ::1, Event: page_load, Action: clear_clipboard
[2025-05-20 07:23:27] User ID: 7, IP: ::1, Event: enter_fullscreen, Action: clear_clipboard
[2025-05-20 07:24:09] User ID: 7, IP: ::1, Event: enter_fullscreen, Action: clear_clipboard
[2025-05-20 07:24:19] User ID: 7, IP: ::1, Event: clipboard_check_detected_code, Action: clear_clipboard
[2025-05-20 07:24:56] User ID: 7, IP: ::1, Event: window_focus, Action: clear_clipboard
[2025-05-20 07:29:32] User ID: 7, IP: ::1, Event: page_load, Action: clear_clipboard
[2025-05-20 07:29:35] User ID: 1, IP: ::1, Event: page_load, Action: clear_clipboard
[2025-05-20 07:29:37] User ID: 7, IP: ::1, Event: enter_fullscreen, Action: clear_clipboard
[2025-05-20 07:29:40] User ID: 7, IP: ::1, Event: window_focus, Action: clear_clipboard
[2025-05-20 07:29:44] User ID: 7, IP: ::1, Event: page_load, Action: clear_clipboard
[2025-05-20 07:29:48] User ID: 7, IP: ::1, Event: enter_fullscreen, Action: clear_clipboard
[2025-05-20 07:30:14] User ID: 7, IP: ::1, Event: clipboard_check_detected_code, Action: clear_clipboard
[2025-05-20 07:30:23] User ID: 7, IP: ::1, Event: clipboard_check_detected_code, Action: clear_clipboard
[2025-05-20 07:31:00] User ID: 1, IP: ::1, Event: page_load, Action: clear_clipboard
[2025-05-20 07:38:57] User ID: 7, IP: ::1, Event: page_load, Action: clear_clipboard
[2025-05-20 07:38:59] User ID: 7, IP: ::1, Event: enter_fullscreen, Action: clear_clipboard
[2025-05-20 07:40:08] User ID: 7, IP: ::1, Event: page_load, Action: clear_clipboard
[2025-05-20 07:40:10] User ID: 7, IP: ::1, Event: enter_fullscreen, Action: clear_clipboard
[2025-05-20 07:40:24] User ID: 7, IP: ::1, Event: window_focus, Action: clear_clipboard
[2025-05-20 07:40:28] User ID: 7, IP: ::1, Event: page_load, Action: clear_clipboard
[2025-05-20 07:40:32] User ID: 7, IP: ::1, Event: page_load, Action: clear_clipboard
[2025-05-20 07:40:35] User ID: 7, IP: ::1, Event: enter_fullscreen, Action: clear_clipboard
[2025-05-20 07:40:39] User ID: 7, IP: ::1, Event: window_focus, Action: clear_clipboard
[2025-05-20 07:41:35] User ID: 1, IP: ::1, Event: page_load, Action: clear_clipboard
[2025-05-20 07:41:42] User ID: 1, IP: ::1, Event: page_load, Action: clear_clipboard
[2025-05-20 07:41:45] User ID: 1, IP: ::1, Event: enter_fullscreen, Action: clear_clipboard
[2025-05-20 07:44:26] User ID: 1, IP: ::1, Event: page_load, Action: clear_clipboard
[2025-05-20 07:44:31] User ID: 7, IP: ::1, Event: page_load, Action: clear_clipboard
[2025-05-20 07:44:31] User ID: 1, IP: ::1, Event: enter_fullscreen, Action: clear_clipboard
[2025-05-20 07:44:33] User ID: 7, IP: ::1, Event: enter_fullscreen, Action: clear_clipboard
[2025-05-20 07:44:36] User ID: 7, IP: ::1, Event: window_focus, Action: clear_clipboard
[2025-05-20 07:44:47] User ID: 7, IP: ::1, Event: window_focus, Action: clear_clipboard
[2025-05-20 07:44:50] User ID: 7, IP: ::1, Event: page_load, Action: clear_clipboard
[2025-05-20 07:44:54] User ID: 7, IP: ::1, Event: page_load, Action: clear_clipboard
[2025-05-20 07:44:55] User ID: 7, IP: ::1, Event: enter_fullscreen, Action: clear_clipboard
[2025-05-20 07:45:26] User ID: 1, IP: ::1, Event: page_load, Action: clear_clipboard
[2025-05-20 08:01:10] User ID: 37, IP: ::1, Event: page_load, Action: clear_clipboard
[2025-05-20 08:01:12] User ID: 36, IP: ::1, Event: page_load, Action: clear_clipboard
[2025-05-20 08:01:12] User ID: 42, IP: ::1, Event: page_load, Action: clear_clipboard
[2025-05-20 08:01:13] User ID: 35, IP: ::1, Event: page_load, Action: clear_clipboard
[2025-05-20 08:01:15] User ID: 40, IP: ::1, Event: page_load, Action: clear_clipboard
[2025-05-20 08:01:15] User ID: 42, IP: ::1, Event: enter_fullscreen, Action: clear_clipboard
[2025-05-20 08:01:15] User ID: 35, IP: ::1, Event: enter_fullscreen, Action: clear_clipboard
[2025-05-20 08:01:16] User ID: 36, IP: ::1, Event: enter_fullscreen, Action: clear_clipboard
[2025-05-20 08:01:17] User ID: 41, IP: ::1, Event: page_load, Action: clear_clipboard
[2025-05-20 08:01:17] User ID: 33, IP: ::1, Event: page_load, Action: clear_clipboard
[2025-05-20 08:01:18] User ID: 42, IP: ::1, Event: window_focus, Action: clear_clipboard
[2025-05-20 08:01:19] User ID: 40, IP: ::1, Event: enter_fullscreen, Action: clear_clipboard
[2025-05-20 08:01:19] User ID: 37, IP: ::1, Event: enter_fullscreen, Action: clear_clipboard
[2025-05-20 08:01:19] User ID: 39, IP: ::1, Event: page_load, Action: clear_clipboard
[2025-05-20 08:01:20] User ID: 37, IP: ::1, Event: page_load, Action: clear_clipboard
[2025-05-20 08:01:20] User ID: 45, IP: ::1, Event: page_load, Action: clear_clipboard
[2025-05-20 08:01:21] User ID: 33, IP: ::1, Event: enter_fullscreen, Action: clear_clipboard
[2025-05-20 08:01:21] User ID: 38, IP: ::1, Event: page_load, Action: clear_clipboard
[2025-05-20 08:01:23] User ID: 38, IP: ::1, Event: enter_fullscreen, Action: clear_clipboard
[2025-05-20 08:01:23] User ID: 48, IP: ::1, Event: page_load, Action: clear_clipboard
[2025-05-20 08:01:24] User ID: 44, IP: ::1, Event: page_load, Action: clear_clipboard
[2025-05-20 08:01:24] User ID: 49, IP: ::1, Event: page_load, Action: clear_clipboard
[2025-05-20 08:01:25] User ID: 46, IP: ::1, Event: page_load, Action: clear_clipboard
[2025-05-20 08:01:25] User ID: 48, IP: ::1, Event: enter_fullscreen, Action: clear_clipboard
[2025-05-20 08:01:25] User ID: 45, IP: ::1, Event: enter_fullscreen, Action: clear_clipboard
[2025-05-20 08:01:29] User ID: 46, IP: ::1, Event: enter_fullscreen, Action: clear_clipboard
[2025-05-20 08:01:30] User ID: 43, IP: ::1, Event: page_load, Action: clear_clipboard
[2025-05-20 08:01:30] User ID: 39, IP: ::1, Event: page_load, Action: clear_clipboard
[2025-05-20 08:01:31] User ID: 41, IP: ::1, Event: enter_fullscreen, Action: clear_clipboard
[2025-05-20 08:01:33] User ID: 44, IP: ::1, Event: page_load, Action: clear_clipboard
[2025-05-20 08:01:36] User ID: 51, IP: ::1, Event: page_load, Action: clear_clipboard
[2025-05-20 08:01:36] User ID: 47, IP: ::1, Event: page_load, Action: clear_clipboard
[2025-05-20 08:01:36] User ID: 39, IP: ::1, Event: enter_fullscreen, Action: clear_clipboard
[2025-05-20 08:01:36] User ID: 44, IP: ::1, Event: enter_fullscreen, Action: clear_clipboard
[2025-05-20 08:01:39] User ID: 43, IP: ::1, Event: enter_fullscreen, Action: clear_clipboard
[2025-05-20 08:01:39] User ID: 32, IP: ::1, Event: page_load, Action: clear_clipboard
[2025-05-20 08:01:40] User ID: 34, IP: ::1, Event: page_load, Action: clear_clipboard
[2025-05-20 08:01:40] User ID: 47, IP: ::1, Event: enter_fullscreen, Action: clear_clipboard
[2025-05-20 08:01:42] User ID: 51, IP: ::1, Event: enter_fullscreen, Action: clear_clipboard
[2025-05-20 08:01:42] User ID: 32, IP: ::1, Event: enter_fullscreen, Action: clear_clipboard
[2025-05-20 08:01:42] User ID: 34, IP: ::1, Event: enter_fullscreen, Action: clear_clipboard
[2025-05-20 08:01:45] User ID: 31, IP: ::1, Event: page_load, Action: clear_clipboard
[2025-05-20 08:01:46] User ID: 51, IP: ::1, Event: page_load, Action: clear_clipboard
[2025-05-20 08:01:49] User ID: 31, IP: ::1, Event: enter_fullscreen, Action: clear_clipboard
[2025-05-20 08:01:54] User ID: 32, IP: ::1, Event: window_focus, Action: clear_clipboard
[2025-05-20 08:01:58] User ID: 32, IP: ::1, Event: page_load, Action: clear_clipboard
[2025-05-20 08:01:59] User ID: 32, IP: ::1, Event: enter_fullscreen, Action: clear_clipboard
[2025-05-20 08:02:02] User ID: 31, IP: ::1, Event: enter_fullscreen, Action: clear_clipboard
[2025-05-20 08:02:03] User ID: 32, IP: ::1, Event: window_focus, Action: clear_clipboard
[2025-05-20 08:02:09] User ID: 40, IP: ::1, Event: enter_fullscreen, Action: clear_clipboard
[2025-05-20 08:02:12] User ID: 34, IP: ::1, Event: enter_fullscreen, Action: clear_clipboard
[2025-05-20 08:02:12] User ID: 31, IP: ::1, Event: window_focus, Action: clear_clipboard
[2025-05-20 08:02:16] User ID: 49, IP: ::1, Event: page_load, Action: clear_clipboard
[2025-05-20 08:02:17] User ID: 31, IP: ::1, Event: page_load, Action: clear_clipboard
[2025-05-20 08:02:18] User ID: 49, IP: ::1, Event: enter_fullscreen, Action: clear_clipboard
[2025-05-20 08:02:20] User ID: 31, IP: ::1, Event: enter_fullscreen, Action: clear_clipboard
[2025-05-20 08:02:22] User ID: 48, IP: ::1, Event: enter_fullscreen, Action: clear_clipboard
[2025-05-20 08:02:33] User ID: 50, IP: ::1, Event: page_load, Action: clear_clipboard
[2025-05-20 08:02:40] User ID: 50, IP: ::1, Event: enter_fullscreen, Action: clear_clipboard
[2025-05-20 08:02:41] User ID: 40, IP: ::1, Event: enter_fullscreen, Action: clear_clipboard
[2025-05-20 08:02:43] User ID: 39, IP: ::1, Event: window_focus, Action: clear_clipboard
[2025-05-20 08:02:44] User ID: 48, IP: ::1, Event: window_focus, Action: clear_clipboard
[2025-05-20 08:02:47] User ID: 39, IP: ::1, Event: page_load, Action: clear_clipboard
[2025-05-20 08:02:48] User ID: 48, IP: ::1, Event: page_load, Action: clear_clipboard
[2025-05-20 08:02:51] User ID: 33, IP: ::1, Event: clipboard_check_detected_code, Action: clear_clipboard
[2025-05-20 08:02:53] User ID: 48, IP: ::1, Event: enter_fullscreen, Action: clear_clipboard
[2025-05-20 08:03:09] User ID: 31, IP: ::1, Event: page_load, Action: clear_clipboard
[2025-05-20 08:03:11] User ID: 33, IP: ::1, Event: clipboard_check_detected_code, Action: clear_clipboard
[2025-05-20 08:03:12] User ID: 40, IP: ::1, Event: enter_fullscreen, Action: clear_clipboard
[2025-05-20 08:03:12] User ID: 31, IP: ::1, Event: enter_fullscreen, Action: clear_clipboard
[2025-05-20 08:03:37] User ID: 34, IP: ::1, Event: enter_fullscreen, Action: clear_clipboard
[2025-05-20 08:03:48] User ID: 31, IP: ::1, Event: window_focus, Action: clear_clipboard
[2025-05-20 08:03:53] User ID: 31, IP: ::1, Event: page_load, Action: clear_clipboard
[2025-05-20 08:03:54] User ID: 31, IP: ::1, Event: enter_fullscreen, Action: clear_clipboard
[2025-05-20 08:03:59] User ID: 31, IP: ::1, Event: enter_fullscreen, Action: clear_clipboard
[2025-05-20 08:04:04] User ID: 31, IP: ::1, Event: enter_fullscreen, Action: clear_clipboard
[2025-05-20 08:04:35] User ID: 48, IP: ::1, Event: window_focus, Action: clear_clipboard
[2025-05-20 08:04:38] User ID: 33, IP: ::1, Event: enter_fullscreen, Action: clear_clipboard
[2025-05-20 08:04:39] User ID: 48, IP: ::1, Event: page_load, Action: clear_clipboard
[2025-05-20 08:04:46] User ID: 52, IP: ::1, Event: page_load, Action: clear_clipboard
[2025-05-20 08:04:50] User ID: 52, IP: ::1, Event: page_load, Action: clear_clipboard
[2025-05-20 08:05:11] User ID: 34, IP: ::1, Event: window_focus, Action: clear_clipboard
[2025-05-20 08:05:15] User ID: 34, IP: ::1, Event: page_load, Action: clear_clipboard
[2025-05-20 08:05:17] User ID: 34, IP: ::1, Event: enter_fullscreen, Action: clear_clipboard
[2025-05-20 08:05:25] User ID: 31, IP: ::1, Event: window_focus, Action: clear_clipboard
[2025-05-20 08:05:29] User ID: 31, IP: ::1, Event: page_load, Action: clear_clipboard
[2025-05-20 08:07:13] User ID: 52, IP: ::1, Event: page_load, Action: clear_clipboard
[2025-05-20 08:07:13] User ID: 31, IP: ::1, Event: page_load, Action: clear_clipboard
[2025-05-20 08:07:14] User ID: 52, IP: ::1, Event: enter_fullscreen, Action: clear_clipboard
[2025-05-20 08:07:14] User ID: 48, IP: ::1, Event: page_load, Action: clear_clipboard
[2025-05-20 08:07:16] User ID: 34, IP: ::1, Event: page_load, Action: clear_clipboard
[2025-05-20 08:07:17] User ID: 31, IP: ::1, Event: enter_fullscreen, Action: clear_clipboard
[2025-05-20 08:07:17] User ID: 35, IP: ::1, Event: page_load, Action: clear_clipboard
[2025-05-20 08:07:18] User ID: 34, IP: ::1, Event: enter_fullscreen, Action: clear_clipboard
[2025-05-20 08:07:19] User ID: 35, IP: ::1, Event: enter_fullscreen, Action: clear_clipboard
[2025-05-20 08:07:19] User ID: 41, IP: ::1, Event: page_load, Action: clear_clipboard
[2025-05-20 08:07:21] User ID: 39, IP: ::1, Event: page_load, Action: clear_clipboard
[2025-05-20 08:07:22] User ID: 39, IP: ::1, Event: enter_fullscreen, Action: clear_clipboard
[2025-05-20 08:07:24] User ID: 41, IP: ::1, Event: enter_fullscreen, Action: clear_clipboard
[2025-05-20 08:07:25] User ID: 40, IP: ::1, Event: page_load, Action: clear_clipboard
[2025-05-20 08:07:27] User ID: 40, IP: ::1, Event: enter_fullscreen, Action: clear_clipboard
[2025-05-20 08:07:28] User ID: 47, IP: ::1, Event: page_load, Action: clear_clipboard
[2025-05-20 08:07:30] User ID: 47, IP: ::1, Event: enter_fullscreen, Action: clear_clipboard
[2025-05-20 08:07:34] User ID: 33, IP: ::1, Event: page_load, Action: clear_clipboard
[2025-05-20 08:07:36] User ID: 33, IP: ::1, Event: enter_fullscreen, Action: clear_clipboard
[2025-05-20 08:07:41] User ID: 33, IP: ::1, Event: window_focus, Action: clear_clipboard
[2025-05-20 08:07:41] User ID: 33, IP: ::1, Event: window_focus, Action: clear_clipboard
[2025-05-20 08:07:45] User ID: 48, IP: ::1, Event: page_load, Action: clear_clipboard
[2025-05-20 08:07:45] User ID: 45, IP: ::1, Event: page_load, Action: clear_clipboard
[2025-05-20 08:07:46] User ID: 33, IP: ::1, Event: page_load, Action: clear_clipboard
[2025-05-20 08:07:47] User ID: 45, IP: ::1, Event: enter_fullscreen, Action: clear_clipboard
[2025-05-20 08:07:47] User ID: 38, IP: ::1, Event: page_load, Action: clear_clipboard
[2025-05-20 08:07:48] User ID: 33, IP: ::1, Event: enter_fullscreen, Action: clear_clipboard
[2025-05-20 08:07:58] User ID: 43, IP: ::1, Event: page_load, Action: clear_clipboard
[2025-05-20 08:08:02] User ID: 48, IP: ::1, Event: page_load, Action: clear_clipboard
[2025-05-20 08:08:06] User ID: 41, IP: ::1, Event: window_focus, Action: clear_clipboard
[2025-05-20 08:08:06] User ID: 48, IP: ::1, Event: enter_fullscreen, Action: clear_clipboard
[2025-05-20 08:08:07] User ID: 33, IP: ::1, Event: window_focus, Action: clear_clipboard
[2025-05-20 08:08:10] User ID: 33, IP: ::1, Event: page_load, Action: clear_clipboard
[2025-05-20 08:08:10] User ID: 43, IP: ::1, Event: enter_fullscreen, Action: clear_clipboard
[2025-05-20 08:08:11] User ID: 38, IP: ::1, Event: enter_fullscreen, Action: clear_clipboard
[2025-05-20 08:08:11] User ID: 33, IP: ::1, Event: enter_fullscreen, Action: clear_clipboard
[2025-05-20 08:08:12] User ID: 41, IP: ::1, Event: page_load, Action: clear_clipboard
[2025-05-20 08:08:14] User ID: 41, IP: ::1, Event: enter_fullscreen, Action: clear_clipboard
[2025-05-20 08:08:15] User ID: 42, IP: ::1, Event: page_load, Action: clear_clipboard
[2025-05-20 08:08:17] User ID: 42, IP: ::1, Event: enter_fullscreen, Action: clear_clipboard
[2025-05-20 08:08:29] User ID: 50, IP: ::1, Event: page_load, Action: clear_clipboard
[2025-05-20 08:08:31] User ID: 50, IP: ::1, Event: enter_fullscreen, Action: clear_clipboard
[2025-05-20 08:08:31] User ID: 35, IP: ::1, Event: window_focus, Action: clear_clipboard
[2025-05-20 08:08:34] User ID: 40, IP: ::1, Event: window_focus, Action: clear_clipboard
[2025-05-20 08:08:35] User ID: 35, IP: ::1, Event: page_load, Action: clear_clipboard
[2025-05-20 08:08:37] User ID: 40, IP: ::1, Event: page_load, Action: clear_clipboard
[2025-05-20 08:08:38] User ID: 40, IP: ::1, Event: enter_fullscreen, Action: clear_clipboard
[2025-05-20 08:08:39] User ID: 35, IP: ::1, Event: enter_fullscreen, Action: clear_clipboard
[2025-05-20 08:08:43] User ID: 31, IP: ::1, Event: window_focus, Action: clear_clipboard
[2025-05-20 08:08:45] User ID: 43, IP: ::1, Event: enter_fullscreen, Action: clear_clipboard
[2025-05-20 08:08:46] User ID: 51, IP: ::1, Event: page_load, Action: clear_clipboard
[2025-05-20 08:08:47] User ID: 31, IP: ::1, Event: page_load, Action: clear_clipboard
[2025-05-20 08:08:47] User ID: 31, IP: ::1, Event: enter_fullscreen, Action: clear_clipboard
[2025-05-20 08:08:50] User ID: 31, IP: ::1, Event: window_focus, Action: clear_clipboard
[2025-05-20 08:08:54] User ID: 39, IP: ::1, Event: window_focus, Action: clear_clipboard
[2025-05-20 08:08:56] User ID: 34, IP: ::1, Event: window_focus, Action: clear_clipboard
[2025-05-20 08:08:57] User ID: 39, IP: ::1, Event: page_load, Action: clear_clipboard
[2025-05-20 08:08:57] User ID: 52, IP: ::1, Event: window_focus, Action: clear_clipboard
[2025-05-20 08:08:59] User ID: 35, IP: ::1, Event: window_focus, Action: clear_clipboard
[2025-05-20 08:09:00] User ID: 34, IP: ::1, Event: page_load, Action: clear_clipboard
[2025-05-20 08:09:01] User ID: 52, IP: ::1, Event: page_load, Action: clear_clipboard
[2025-05-20 08:09:01] User ID: 39, IP: ::1, Event: enter_fullscreen, Action: clear_clipboard
[2025-05-20 08:09:02] User ID: 35, IP: ::1, Event: page_load, Action: clear_clipboard
[2025-05-20 08:09:04] User ID: 34, IP: ::1, Event: enter_fullscreen, Action: clear_clipboard
[2025-05-20 08:09:04] User ID: 52, IP: ::1, Event: enter_fullscreen, Action: clear_clipboard
[2025-05-20 08:09:04] User ID: 51, IP: ::1, Event: page_load, Action: clear_clipboard
[2025-05-20 08:09:09] User ID: 44, IP: ::1, Event: page_load, Action: clear_clipboard
[2025-05-20 08:09:09] User ID: 35, IP: ::1, Event: enter_fullscreen, Action: clear_clipboard
[2025-05-20 08:09:10] User ID: 31, IP: ::1, Event: window_focus, Action: clear_clipboard
[2025-05-20 08:09:10] User ID: 51, IP: ::1, Event: enter_fullscreen, Action: clear_clipboard
[2025-05-20 08:09:12] User ID: 31, IP: ::1, Event: page_load, Action: clear_clipboard
[2025-05-20 08:09:13] User ID: 44, IP: ::1, Event: enter_fullscreen, Action: clear_clipboard
[2025-05-20 08:09:13] User ID: 35, IP: ::1, Event: page_load, Action: clear_clipboard
[2025-05-20 08:09:13] User ID: 31, IP: ::1, Event: enter_fullscreen, Action: clear_clipboard
[2025-05-20 08:09:25] User ID: 52, IP: ::1, Event: page_load, Action: clear_clipboard
[2025-05-20 08:09:26] User ID: 52, IP: ::1, Event: enter_fullscreen, Action: clear_clipboard
[2025-05-20 08:09:26] User ID: 40, IP: ::1, Event: window_focus, Action: clear_clipboard
[2025-05-20 08:09:28] User ID: 31, IP: ::1, Event: window_focus, Action: clear_clipboard
[2025-05-20 08:09:28] User ID: 40, IP: ::1, Event: page_load, Action: clear_clipboard
[2025-05-20 08:09:29] User ID: 40, IP: ::1, Event: enter_fullscreen, Action: clear_clipboard
[2025-05-20 08:09:30] User ID: 39, IP: ::1, Event: window_focus, Action: clear_clipboard
[2025-05-20 08:09:31] User ID: 31, IP: ::1, Event: page_load, Action: clear_clipboard
[2025-05-20 08:09:34] User ID: 39, IP: ::1, Event: page_load, Action: clear_clipboard
[2025-05-20 08:09:34] User ID: 31, IP: ::1, Event: enter_fullscreen, Action: clear_clipboard
[2025-05-20 08:09:39] User ID: 41, IP: ::1, Event: page_load, Action: clear_clipboard
[2025-05-20 08:09:40] User ID: 39, IP: ::1, Event: enter_fullscreen, Action: clear_clipboard
[2025-05-20 08:09:43] User ID: 41, IP: ::1, Event: enter_fullscreen, Action: clear_clipboard
[2025-05-20 08:09:45] User ID: 52, IP: ::1, Event: window_focus, Action: clear_clipboard
[2025-05-20 08:09:49] User ID: 52, IP: ::1, Event: page_load, Action: clear_clipboard
[2025-05-20 08:09:50] User ID: 52, IP: ::1, Event: enter_fullscreen, Action: clear_clipboard
[2025-05-20 08:09:57] User ID: 51, IP: ::1, Event: enter_fullscreen, Action: clear_clipboard
[2025-05-20 08:10:21] User ID: 49, IP: ::1, Event: page_load, Action: clear_clipboard
[2025-05-20 08:10:29] User ID: 49, IP: ::1, Event: enter_fullscreen, Action: clear_clipboard
[2025-05-20 08:10:59] User ID: 40, IP: ::1, Event: window_focus, Action: clear_clipboard
[2025-05-20 08:11:03] User ID: 40, IP: ::1, Event: page_load, Action: clear_clipboard
[2025-05-20 08:11:04] User ID: 40, IP: ::1, Event: enter_fullscreen, Action: clear_clipboard
[2025-05-20 08:11:46] User ID: 40, IP: ::1, Event: enter_fullscreen, Action: clear_clipboard
[2025-05-20 08:11:50] User ID: 40, IP: ::1, Event: page_load, Action: clear_clipboard
[2025-05-20 08:11:52] User ID: 40, IP: ::1, Event: enter_fullscreen, Action: clear_clipboard
[2025-05-20 08:12:04] User ID: 50, IP: ::1, Event: page_load, Action: clear_clipboard
[2025-05-20 08:12:06] User ID: 50, IP: ::1, Event: enter_fullscreen, Action: clear_clipboard
[2025-05-20 08:12:23] User ID: 42, IP: ::1, Event: enter_fullscreen, Action: clear_clipboard
[2025-05-20 08:12:28] User ID: 50, IP: ::1, Event: window_focus, Action: clear_clipboard
[2025-05-20 08:12:29] User ID: 37, IP: ::1, Event: page_load, Action: clear_clipboard
[2025-05-20 08:12:31] User ID: 50, IP: ::1, Event: page_load, Action: clear_clipboard
[2025-05-20 08:12:32] User ID: 37, IP: ::1, Event: page_load, Action: clear_clipboard
[2025-05-20 08:12:35] User ID: 37, IP: ::1, Event: enter_fullscreen, Action: clear_clipboard
[2025-05-20 08:12:36] User ID: 50, IP: ::1, Event: enter_fullscreen, Action: clear_clipboard
[2025-05-20 08:12:39] User ID: 40, IP: ::1, Event: enter_fullscreen, Action: clear_clipboard
[2025-05-20 08:12:46] User ID: 37, IP: ::1, Event: window_focus, Action: clear_clipboard
[2025-05-20 08:12:49] User ID: 50, IP: ::1, Event: window_focus, Action: clear_clipboard
[2025-05-20 08:12:53] User ID: 50, IP: ::1, Event: page_load, Action: clear_clipboard
[2025-05-20 08:12:57] User ID: 50, IP: ::1, Event: enter_fullscreen, Action: clear_clipboard
[2025-05-20 08:13:22] User ID: 32, IP: ::1, Event: page_load, Action: clear_clipboard
[2025-05-20 08:13:24] User ID: 46, IP: ::1, Event: page_load, Action: clear_clipboard
[2025-05-20 08:13:25] User ID: 46, IP: ::1, Event: enter_fullscreen, Action: clear_clipboard
[2025-05-20 08:13:28] User ID: 50, IP: ::1, Event: page_load, Action: clear_clipboard
[2025-05-20 08:13:31] User ID: 50, IP: ::1, Event: page_load, Action: clear_clipboard
[2025-05-20 08:13:34] User ID: 50, IP: ::1, Event: enter_fullscreen, Action: clear_clipboard
[2025-05-20 08:14:09] User ID: 32, IP: ::1, Event: page_load, Action: clear_clipboard
[2025-05-20 08:14:10] User ID: 32, IP: ::1, Event: enter_fullscreen, Action: clear_clipboard
[2025-05-20 08:14:17] User ID: 48, IP: ::1, Event: enter_fullscreen, Action: clear_clipboard
[2025-05-20 08:14:21] User ID: 48, IP: ::1, Event: page_load, Action: clear_clipboard
[2025-05-20 08:14:22] User ID: 32, IP: ::1, Event: window_focus, Action: clear_clipboard
[2025-05-20 08:14:22] User ID: 48, IP: ::1, Event: enter_fullscreen, Action: clear_clipboard
[2025-05-20 08:14:26] User ID: 32, IP: ::1, Event: page_load, Action: clear_clipboard
[2025-05-20 08:14:27] User ID: 32, IP: ::1, Event: enter_fullscreen, Action: clear_clipboard
[2025-05-20 08:16:12] User ID: 46, IP: ::1, Event: enter_fullscreen, Action: clear_clipboard
[2025-05-20 08:16:14] User ID: 46, IP: ::1, Event: enter_fullscreen, Action: clear_clipboard
[2025-05-20 08:16:21] User ID: 46, IP: ::1, Event: enter_fullscreen, Action: clear_clipboard
[2025-05-20 08:16:23] User ID: 41, IP: ::1, Event: enter_fullscreen, Action: clear_clipboard
[2025-05-20 08:27:22] User ID: 48, IP: ::1, Event: enter_fullscreen, Action: clear_clipboard
[2025-05-20 08:27:24] User ID: 32, IP: ::1, Event: page_load, Action: clear_clipboard
[2025-05-21 14:29:28] User ID: 1, IP: ::1, Event: page_load, Action: clear_clipboard
[2025-05-21 14:29:29] User ID: 1, IP: ::1, Event: enter_fullscreen, Action: clear_clipboard
[2025-05-21 14:29:36] User ID: 1, IP: ::1, Event: enter_fullscreen, Action: clear_clipboard
[2025-05-21 14:30:08] User ID: 1, IP: ::1, Event: page_load, Action: clear_clipboard
[2025-05-21 14:55:35] User ID: 53, IP: ::1, Event: page_load, Action: clear_clipboard
[2025-05-21 14:55:38] User ID: 53, IP: ::1, Event: page_load, Action: clear_clipboard
[2025-05-21 14:55:40] User ID: 53, IP: ::1, Event: enter_fullscreen, Action: clear_clipboard
[2025-05-21 14:55:55] User ID: 53, IP: ::1, Event: enter_fullscreen, Action: clear_clipboard
[2025-05-21 14:56:00] User ID: 53, IP: ::1, Event: enter_fullscreen, Action: clear_clipboard
[2025-05-21 14:56:09] User ID: 53, IP: ::1, Event: enter_fullscreen, Action: clear_clipboard
[2025-05-21 15:10:24] User ID: 59, IP: ::1, Event: page_load, Action: clear_clipboard
[2025-05-21 15:10:25] User ID: 59, IP: ::1, Event: page_load, Action: clear_clipboard
[2025-05-21 15:22:17] User ID: 60, IP: ::1, Event: page_load, Action: clear_clipboard
[2025-05-21 15:22:18] User ID: 60, IP: ::1, Event: page_load, Action: clear_clipboard
[2025-05-21 15:22:24] User ID: 60, IP: ::1, Event: enter_fullscreen, Action: clear_clipboard
[2025-05-21 15:31:14] User ID: 1, IP: ::1, Event: page_load, Action: clear_clipboard
[2025-05-21 15:31:18] User ID: 1, IP: ::1, Event: enter_fullscreen, Action: clear_clipboard
[2025-05-21 15:31:25] User ID: 1, IP: ::1, Event: enter_fullscreen, Action: clear_clipboard
[2025-05-21 15:31:30] User ID: 1, IP: ::1, Event: page_load, Action: clear_clipboard
[2025-05-21 15:31:31] User ID: 1, IP: ::1, Event: enter_fullscreen, Action: clear_clipboard
[2025-05-21 15:31:39] User ID: 1, IP: ::1, Event: page_load, Action: clear_clipboard
[2025-05-21 15:31:45] User ID: 1, IP: ::1, Event: enter_fullscreen, Action: clear_clipboard
[2025-05-21 15:34:08] User ID: 60, IP: ::1, Event: page_load, Action: clear_clipboard
[2025-05-21 15:34:12] User ID: 60, IP: ::1, Event: enter_fullscreen, Action: clear_clipboard
[2025-05-21 15:34:18] User ID: 60, IP: ::1, Event: enter_fullscreen, Action: clear_clipboard
[2025-05-21 15:34:28] User ID: 60, IP: ::1, Event: enter_fullscreen, Action: clear_clipboard
[2025-05-21 15:40:49] User ID: 61, IP: ::1, Event: page_load, Action: clear_clipboard
[2025-05-21 15:40:52] User ID: 61, IP: ::1, Event: enter_fullscreen, Action: clear_clipboard
[2025-05-21 15:41:10] User ID: 61, IP: ::1, Event: page_load, Action: clear_clipboard
[2025-05-23 13:02:55] User ID: 53, IP: ::1, Event: page_load, Action: clear_clipboard
[2025-05-23 13:02:57] User ID: 53, IP: ::1, Event: enter_fullscreen, Action: clear_clipboard
[2025-05-23 13:02:58] User ID: 1, IP: ::1, Event: page_load, Action: clear_clipboard
[2025-05-23 13:03:01] User ID: 1, IP: ::1, Event: enter_fullscreen, Action: clear_clipboard
[2025-05-23 13:06:36] User ID: 54, IP: ::1, Event: page_load, Action: clear_clipboard
[2025-05-23 13:06:37] User ID: 54, IP: ::1, Event: enter_fullscreen, Action: clear_clipboard
[2025-05-23 13:19:22] User ID: 55, IP: ::1, Event: page_load, Action: clear_clipboard
[2025-05-23 15:47:18] User ID: 55, IP: ::1, Event: page_load, Action: clear_clipboard
[2025-05-23 15:50:11] User ID: 56, IP: ::1, Event: page_load, Action: clear_clipboard
[2025-05-23 15:50:11] User ID: 56, IP: ::1, Event: page_load, Action: clear_clipboard
[2025-05-23 15:54:36] User ID: 57, IP: ::1, Event: page_load, Action: clear_clipboard
[2025-05-23 15:54:36] User ID: 57, IP: ::1, Event: page_load, Action: clear_clipboard
[2025-05-23 16:08:11] User ID: 58, IP: ::1, Event: page_load, Action: clear_clipboard
[2025-05-23 16:08:11] User ID: 58, IP: ::1, Event: page_load, Action: clear_clipboard
[2025-05-23 16:12:53] User ID: 59, IP: ::1, Event: page_load, Action: clear_clipboard
[2025-05-23 16:17:46] User ID: 60, IP: ::1, Event: page_load, Action: clear_clipboard
[2025-05-23 16:19:55] User ID: 61, IP: ::1, Event: page_load, Action: clear_clipboard
[2025-05-23 16:19:56] User ID: 61, IP: ::1, Event: page_load, Action: clear_clipboard
[2025-05-23 17:48:20] User ID: 55, IP: ::1, Event: page_load, Action: clear_clipboard
[2025-05-23 17:50:38] User ID: 55, IP: ::1, Event: page_load, Action: clear_clipboard
[2025-05-23 17:59:22] User ID: 56, IP: ::1, Event: page_load, Action: clear_clipboard
[2025-05-23 17:59:22] User ID: 56, IP: ::1, Event: page_load, Action: clear_clipboard
[2025-05-23 18:07:47] User ID: 62, IP: ::1, Event: page_load, Action: clear_clipboard
[2025-05-23 18:12:18] User ID: 58, IP: ::1, Event: page_load, Action: clear_clipboard
[2025-05-23 18:16:01] User ID: 59, IP: ::1, Event: page_load, Action: clear_clipboard
[2025-05-23 18:16:01] User ID: 59, IP: ::1, Event: page_load, Action: clear_clipboard
[2025-05-23 18:18:43] User ID: 59, IP: ::1, Event: page_load, Action: clear_clipboard
[2025-05-23 18:20:06] User ID: 60, IP: ::1, Event: page_load, Action: clear_clipboard
[2025-05-23 18:20:29] User ID: 60, IP: ::1, Event: window_focus, Action: clear_clipboard
[2025-05-23 18:20:57] User ID: 60, IP: ::1, Event: window_focus, Action: clear_clipboard
[2025-05-23 18:21:54] User ID: 60, IP: ::1, Event: window_focus, Action: clear_clipboard
[2025-05-23 18:21:55] User ID: 60, IP: ::1, Event: page_load, Action: clear_clipboard
[2025-05-23 18:55:24] User ID: 61, IP: ::1, Event: page_load, Action: clear_clipboard
[2025-05-23 18:55:26] User ID: 61, IP: ::1, Event: page_load, Action: clear_clipboard
[2025-05-23 19:00:53] User ID: 63, IP: ::1, Event: page_load, Action: clear_clipboard
[2025-05-23 19:04:49] User ID: 63, IP: ::1, Event: window_focus, Action: clear_clipboard
[2025-05-23 19:04:51] User ID: 63, IP: ::1, Event: page_load, Action: clear_clipboard
[2025-05-23 19:06:17] User ID: 64, IP: ::1, Event: page_load, Action: clear_clipboard
[2025-05-23 19:06:18] User ID: 64, IP: ::1, Event: page_load, Action: clear_clipboard
[2025-05-23 19:10:38] User ID: 65, IP: ::1, Event: page_load, Action: clear_clipboard
[2025-05-23 19:10:39] User ID: 65, IP: ::1, Event: page_load, Action: clear_clipboard
[2025-05-23 19:13:45] User ID: 65, IP: ::1, Event: window_focus, Action: clear_clipboard
[2025-05-23 19:13:47] User ID: 65, IP: ::1, Event: page_load, Action: clear_clipboard
[2025-05-23 19:14:33] User ID: 66, IP: ::1, Event: page_load, Action: clear_clipboard
[2025-05-23 19:14:33] User ID: 66, IP: ::1, Event: page_load, Action: clear_clipboard
[2025-05-23 19:20:13] User ID: 66, IP: ::1, Event: window_focus, Action: clear_clipboard
[2025-05-23 19:20:15] User ID: 66, IP: ::1, Event: page_load, Action: clear_clipboard
[2025-05-23 19:23:27] User ID: 66, IP: ::1, Event: window_focus, Action: clear_clipboard
[2025-05-23 19:23:29] User ID: 66, IP: ::1, Event: page_load, Action: clear_clipboard
[2025-05-23 19:28:59] User ID: 66, IP: ::1, Event: window_focus, Action: clear_clipboard
[2025-05-23 19:29:01] User ID: 66, IP: ::1, Event: page_load, Action: clear_clipboard
[2025-05-23 19:29:37] User ID: 67, IP: ::1, Event: page_load, Action: clear_clipboard
[2025-05-23 19:29:38] User ID: 67, IP: ::1, Event: page_load, Action: clear_clipboard
[2025-05-23 19:35:06] User ID: 68, IP: ::1, Event: page_load, Action: clear_clipboard
